#======================================================
#
# Synopsys Synthesis Scripts (Design Vision dctcl mode)
#
#======================================================
#======================================================
# (A) Global Parameters
#======================================================
set DESIGN "P_MUL"
P_MUL
set CYCLE 5
5
set INPUT_DLY [expr 0.5*$CYCLE]
2.5
set OUTPUT_DLY [expr 0.5*$CYCLE]
2.5
#======================================================
# (B) Read RTL Code
#======================================================
# (B-1) analyze + elaborate
set hdlin_auto_save_templates TRUE
TRUE
analyze -f sverilog $DESIGN\.v 
Running PRESTO HDLC
Compiling source file ../01_RTL/P_MUL.v
Presto compilation completed successfully.
Loading db file '/RAID2/COURSE/BackUp/2023_Spring/iclab/iclabta01/UMC018_CBDK/CIC/SynopsysDC/db/fsa0m_a_generic_core_ss1p62v125c.db'
Loading db file '/RAID2/COURSE/BackUp/2023_Spring/iclab/iclabta01/UMC018_CBDK/CIC/SynopsysDC/db/fsa0m_a_generic_core_ff1p98vm40c.db'
Loading db file '/RAID2/COURSE/BackUp/2023_Spring/iclab/iclabta01/UMC018_CBDK/CIC/SynopsysDC/db/fsa0m_a_t33_generic_io_ss1p62v125c.db'
Loading db file '/RAID2/COURSE/BackUp/2023_Spring/iclab/iclabta01/UMC018_CBDK/CIC/SynopsysDC/db/fsa0m_a_t33_generic_io_tt1p8v25c.db'
Loading db file '/usr/cad/synopsys/synthesis/cur/libraries/syn/dw_foundation.sldb'
Loading db file '/usr/cad/synopsys/synthesis/cur/libraries/syn/standard.sldb'
1
elaborate $DESIGN  
Loading db file '/usr/cad/synopsys/synthesis/2022.03/libraries/syn/gtech.db'
Loading db file '/usr/cad/synopsys/synthesis/2022.03/libraries/syn/standard.sldb'
  Loading link library 'fsa0m_a_generic_core_ss1p62v125c'
  Loading link library 'fsa0m_a_generic_core_ff1p98vm40c'
  Loading link library 'fsa0m_a_t33_generic_io_ss1p62v125c'
  Loading link library 'fsa0m_a_t33_generic_io_tt1p8v25c'
  Loading link library 'gtech'
Running PRESTO HDLC

Inferred memory devices in process
        in routine P_MUL line 35 in file
                '../01_RTL/P_MUL.v'.
===============================================================================
|    Register Name    |   Type    | Width | Bus | MB | AR | AS | SR | SS | ST |
===============================================================================
|      A2B2_reg       | Flip-flop |  96   |  Y  | N  | N  | N  | N  | N  | N  |
|        i_reg        | Flip-flop |  32   |  Y  | N  | Y  | N  | N  | N  | N  |
|       out_reg       | Flip-flop |  96   |  Y  | N  | Y  | N  | N  | N  | N  |
|    out_valid_reg    | Flip-flop |   1   |  N  | N  | Y  | N  | N  | N  | N  |
|    out_start_reg    | Flip-flop |   1   |  N  | N  | Y  | N  | N  | N  | N  |
|       A2_reg        | Flip-flop |  24   |  Y  | N  | N  | N  | N  | N  | N  |
|       A1_reg        | Flip-flop |  24   |  Y  | N  | N  | N  | N  | N  | N  |
|       B2_reg        | Flip-flop |  24   |  Y  | N  | N  | N  | N  | N  | N  |
|       B1_reg        | Flip-flop |  24   |  Y  | N  | N  | N  | N  | N  | N  |
|      A1B1_reg       | Flip-flop |  96   |  Y  | N  | N  | N  | N  | N  | N  |
|      A1B2_reg       | Flip-flop |  96   |  Y  | N  | N  | N  | N  | N  | N  |
|      A2B1_reg       | Flip-flop |  96   |  Y  | N  | N  | N  | N  | N  | N  |
===============================================================================
Presto compilation completed successfully. (P_MUL)
Elaborated 1 design.
Current design is now 'P_MUL'.
1
# (B-2) read_sverilog
#read_sverilog $DESIGN\.v
# (B-3) set current design
current_design $DESIGN
Current design is 'P_MUL'.
{P_MUL}
link

  Linking design 'P_MUL'
  Using the following designs and libraries:
  --------------------------------------------------------------------------
  P_MUL                       /RAID2/COURSE/DCS/DCS111/Lab09/02_SYN/P_MUL.db
  fsa0m_a_generic_core_ss1p62v125c (library) /RAID2/COURSE/BackUp/2023_Spring/iclab/iclabta01/UMC018_CBDK/CIC/SynopsysDC/db/fsa0m_a_generic_core_ss1p62v125c.db
  fsa0m_a_generic_core_ff1p98vm40c (library) /RAID2/COURSE/BackUp/2023_Spring/iclab/iclabta01/UMC018_CBDK/CIC/SynopsysDC/db/fsa0m_a_generic_core_ff1p98vm40c.db
  fsa0m_a_t33_generic_io_ss1p62v125c (library) /RAID2/COURSE/BackUp/2023_Spring/iclab/iclabta01/UMC018_CBDK/CIC/SynopsysDC/db/fsa0m_a_t33_generic_io_ss1p62v125c.db
  fsa0m_a_t33_generic_io_tt1p8v25c (library) /RAID2/COURSE/BackUp/2023_Spring/iclab/iclabta01/UMC018_CBDK/CIC/SynopsysDC/db/fsa0m_a_t33_generic_io_tt1p8v25c.db
  dw_foundation.sldb (library) /usr/cad/synopsys/synthesis/cur/libraries/syn/dw_foundation.sldb

1
#======================================================
#  (C) Global Setting
#======================================================
set_wire_load_mode top
1
set_operating_conditions -max WCCOM -min BCCOM
Using operating conditions 'WCCOM' found in library 'fsa0m_a_generic_core_ss1p62v125c'.
Using operating conditions 'BCCOM' found in library 'fsa0m_a_generic_core_ff1p98vm40c'.
1
# set_wire_load_model -name umc18_wl10 -library slow
#======================================================
#  (D) Set Design Constraints
#======================================================
# (D-1) Setting Clock Constraints
create_clock -name clk -period $CYCLE [get_ports clk] 
1
set_dont_touch_network             [get_clocks clk]
1
set_fix_hold                       [get_clocks clk]
1
set_clock_uncertainty       0.1    [get_clocks clk]
1
# set_clock_latency   -source 0      [get_clocks clk]
# set_clock_latency           1      [get_clocks clk] 
set_input_transition        0.5    [all_inputs] 
1
set_clock_transition        0.1    [all_clocks] 
1
# (D-2) Setting in/out Constraints
set_input_delay   -max  $INPUT_DLY  -clock clk   [all_inputs] ;  # set_up time check 
1
set_input_delay   -min  0           -clock clk   [all_inputs] ;  # hold   time check 
1
set_output_delay  -max  $OUTPUT_DLY -clock clk   [all_outputs] ; # set_up time check 
1
set_output_delay  -min  0           -clock clk   [all_outputs] ; # hold   time check 
1
set_input_delay 0 -clock clk clk
1
set_input_delay 0 -clock clk rst_n
1
#set_max_delay $CYCLE -from [all_inputs] -to [all_outputs]
# (D-3) Setting Design Environment
# set_driving_cell -library umc18io3v5v_slow -lib_cell P2C    -pin {Y}  [get_ports clk]
# set_driving_cell -library umc18io3v5v_slow -lib_cell P2C    -pin {Y}  [remove_from_collection [all_inputs] [get_ports clk]]
# set_load  [load_of "umc18io3v5v_slow/P8C/A"]       [all_outputs] ; # ~= 0.038
set_load 0.05 [all_outputs]
1
# (D-4) Setting DRC Constraint
#set_max_delay           0     ; # Optimize delay max effort                 
#set_max_area            0      ; # Optimize area max effort           
set_max_transition      3       [all_inputs]   ; # U18 LUT Max Transition Value  
1
set_max_capacitance     0.15    [all_inputs]   ; # U18 LUT Max Capacitance Value
1
set_max_fanout          10      [all_inputs]
1
# set_dont_use slow/JKFF*
#set_dont_touch [get_cells core_reg_macro]
#set hdlin_ff_always_sync_set_reset true
# (D-5) Report Clock skew
report_clock -skew clk
Information: Checking out the license 'DesignWare'. (SEC-104)
Information: Changed wire load model for 'alt1' from '(none)' to 'G5K'. (OPT-170)
Information: Changed wire load model for 'apparch' from '(none)' to 'G5K'. (OPT-170)
Information: Updating design information... (UID-85)
Warning: Design 'P_MUL' contains 1 high-fanout nets. A fanout number of 1000 will be used for delay calculations involving these nets. (TIM-134)
 
****************************************
Report : clock_skew
Design : P_MUL
Version: T-2022.03
Date   : Fri May 17 20:41:39 2024
****************************************

                 Rise      Fall  Min Rise  Min fall        Uncertainty
Object          Delay     Delay     Delay     Delay     Plus      Minus
--------------------------------------------------------------------------------
clk                 -         -         -         -      0.10      0.10

                 Max Transition      Min Transition
Object           Rise      Fall      Rise      Fall
-------------------------------------------------------
clk              0.10      0.10      0.10      0.10
1
check_timing

Information: Checking generated_clocks...

Information: Checking loops...

Information: Checking no_input_delay...

Information: Checking unconstrained_endpoints...

Information: Checking pulse_clock_cell_type...

Information: Checking no_driving_cell...

Information: Checking partial_input_delay...
1
#======================================================
#  (E) Optimization
#======================================================
check_design > Report/$DESIGN\.check
set_fix_multiple_port_nets -all -buffer_constants [get_designs *]
1
set_fix_hold [all_clocks]
1
compile_ultra
Information: Performing power optimization. (PWR-850)
Analyzing: "/RAID2/COURSE/BackUp/2023_Spring/iclab/iclabta01/UMC018_CBDK/CIC/SynopsysDC/db/fsa0m_a_t33_generic_io_ss1p62v125c.db"
Analyzing: "/RAID2/COURSE/BackUp/2023_Spring/iclab/iclabta01/UMC018_CBDK/CIC/SynopsysDC/db/fsa0m_a_t33_generic_io_tt1p8v25c.db"
Analyzing: "/RAID2/COURSE/BackUp/2023_Spring/iclab/iclabta01/UMC018_CBDK/CIC/SynopsysDC/db/fsa0m_a_generic_core_ss1p62v125c.db"
Analyzing: "/RAID2/COURSE/BackUp/2023_Spring/iclab/iclabta01/UMC018_CBDK/CIC/SynopsysDC/db/fsa0m_a_generic_core_ff1p98vm40c.db"
Library analysis succeeded.
Information: Running optimization using a maximum of 8 cores. (OPT-1500)
Information: Evaluating DesignWare library utilization. (UISN-27)

============================================================================
| DesignWare Building Block Library  |         Version         | Available |
============================================================================
| Basic DW Building Blocks           | S-2021.06-DWBB_202106.0 |     *     |
| Licensed DW Building Blocks        | S-2021.06-DWBB_202106.0 |     *     |
============================================================================

====================================================================================================
| Flow Information                                                                                 |
----------------------------------------------------------------------------------------------------
| Flow         | Design Compiler NXT WLM                                                           |
| Comand line  | compile_ultra                                                                     |
====================================================================================================
| Design Information                                      | Value                                  |
====================================================================================================
| Number of Scenarios                                     | 0                                      |
| Leaf Cell Count                                         | 656                                    |
| Number of User Hierarchies                              | 0                                      |
| Sequential Cell Count                                   | 610                                    |
| Macro Count                                             | 0                                      |
| Number of Power Domains                                 | 0                                      |
| Number of Path Groups                                   | 2                                      |
| Number of VT class                                      | 0                                      |
| Number of Clocks                                        | 1                                      |
| Number of Dont Touch cells                              | 3                                      |
| Number of Dont Touch nets                               | 1                                      |
| Number of size only cells                               | 0                                      |
| Design with UPF Data                                    | false                                  |
----------------------------------------------------------------------------------------------------
| Variables                                               | Value                                  |
----------------------------------------------------------------------------------------------------
| set_fix_multiple_port_nets                              | -all -buffer_constants                 |
====================================================================================================
Information: Sequential output inversion is enabled.  SVF file must be used for formal verification. (OPT-1208)

Information: There are 2 potential problems in your design. Please run 'check_design' for more information. (LINT-99)

  Simplifying Design 'P_MUL'

  Loading target library 'fsa0m_a_generic_core_ff1p98vm40c'
  Loading target library 'fsa0m_a_t33_generic_io_ss1p62v125c'
  Loading target library 'fsa0m_a_t33_generic_io_tt1p8v25c'
Loaded alib file './alib-52/fsa0m_a_generic_core_ss1p62v125c.db.alib'
Loaded alib file './alib-52/fsa0m_a_generic_core_ff1p98vm40c.db.alib'
Loaded alib file './alib-52/fsa0m_a_t33_generic_io_ss1p62v125c.db.alib' (placeholder)
Loaded alib file './alib-52/fsa0m_a_t33_generic_io_tt1p8v25c.db.alib' (placeholder)
Warning: Operating condition WCCOM set on design P_MUL has different process,
voltage and temperatures parameters than the parameters at which target library 
fsa0m_a_generic_core_ff1p98vm40c is characterized. Delays may be inaccurate as a result. (OPT-998)
  Building model 'DW01_NAND2'
Information: Ungrouping 0 of 1 hierarchies before Pass 1 (OPT-775)
Information: State dependent leakage is now switched from on to off.

  Beginning Pass 1 Mapping
  ------------------------
  Processing 'P_MUL'
Information: The register 'A2B1_reg[0]' is a constant and will be removed. (OPT-1206)
Information: The register 'A2B1_reg[1]' is a constant and will be removed. (OPT-1206)
Information: The register 'A2B1_reg[2]' is a constant and will be removed. (OPT-1206)
Information: The register 'A2B1_reg[3]' is a constant and will be removed. (OPT-1206)
Information: The register 'A2B1_reg[4]' is a constant and will be removed. (OPT-1206)
Information: The register 'A2B1_reg[5]' is a constant and will be removed. (OPT-1206)
Information: The register 'A2B1_reg[6]' is a constant and will be removed. (OPT-1206)
Information: The register 'A2B1_reg[7]' is a constant and will be removed. (OPT-1206)
Information: The register 'A2B1_reg[8]' is a constant and will be removed. (OPT-1206)
Information: The register 'A2B1_reg[9]' is a constant and will be removed. (OPT-1206)
Information: The register 'A2B1_reg[10]' is a constant and will be removed. (OPT-1206)
Information: The register 'A2B1_reg[11]' is a constant and will be removed. (OPT-1206)
Information: The register 'A2B1_reg[12]' is a constant and will be removed. (OPT-1206)
Information: The register 'A2B1_reg[13]' is a constant and will be removed. (OPT-1206)
Information: The register 'A2B1_reg[14]' is a constant and will be removed. (OPT-1206)
Information: The register 'A2B1_reg[15]' is a constant and will be removed. (OPT-1206)
Information: The register 'A2B1_reg[16]' is a constant and will be removed. (OPT-1206)
Information: The register 'A2B1_reg[17]' is a constant and will be removed. (OPT-1206)
Information: The register 'A2B1_reg[18]' is a constant and will be removed. (OPT-1206)
Information: The register 'A2B1_reg[19]' is a constant and will be removed. (OPT-1206)
Information: The register 'A2B1_reg[20]' is a constant and will be removed. (OPT-1206)
Information: The register 'A2B1_reg[21]' is a constant and will be removed. (OPT-1206)
Information: The register 'A2B1_reg[22]' is a constant and will be removed. (OPT-1206)
Information: The register 'A2B1_reg[23]' is a constant and will be removed. (OPT-1206)
Information: The register 'A2B1_reg[72]' is a constant and will be removed. (OPT-1206)
Information: The register 'A2B1_reg[73]' is a constant and will be removed. (OPT-1206)
Information: The register 'A2B1_reg[74]' is a constant and will be removed. (OPT-1206)
Information: The register 'A2B1_reg[75]' is a constant and will be removed. (OPT-1206)
Information: The register 'A2B1_reg[76]' is a constant and will be removed. (OPT-1206)
Information: The register 'A2B1_reg[77]' is a constant and will be removed. (OPT-1206)
Information: The register 'A2B1_reg[78]' is a constant and will be removed. (OPT-1206)
Information: The register 'A2B1_reg[79]' is a constant and will be removed. (OPT-1206)
Information: The register 'A2B1_reg[80]' is a constant and will be removed. (OPT-1206)
Information: The register 'A2B1_reg[81]' is a constant and will be removed. (OPT-1206)
Information: The register 'A2B1_reg[82]' is a constant and will be removed. (OPT-1206)
Information: The register 'A2B1_reg[83]' is a constant and will be removed. (OPT-1206)
Information: The register 'A2B1_reg[84]' is a constant and will be removed. (OPT-1206)
Information: The register 'A2B1_reg[85]' is a constant and will be removed. (OPT-1206)
Information: The register 'A2B1_reg[86]' is a constant and will be removed. (OPT-1206)
Information: The register 'A2B1_reg[87]' is a constant and will be removed. (OPT-1206)
Information: The register 'A2B1_reg[88]' is a constant and will be removed. (OPT-1206)
Information: The register 'A2B1_reg[89]' is a constant and will be removed. (OPT-1206)
Information: The register 'A2B1_reg[90]' is a constant and will be removed. (OPT-1206)
Information: The register 'A2B1_reg[91]' is a constant and will be removed. (OPT-1206)
Information: The register 'A2B1_reg[92]' is a constant and will be removed. (OPT-1206)
Information: The register 'A2B1_reg[93]' is a constant and will be removed. (OPT-1206)
Information: The register 'A2B1_reg[94]' is a constant and will be removed. (OPT-1206)
Information: The register 'A2B1_reg[95]' is a constant and will be removed. (OPT-1206)
Information: The register 'A1B2_reg[0]' is a constant and will be removed. (OPT-1206)
Information: The register 'A1B2_reg[1]' is a constant and will be removed. (OPT-1206)
Information: The register 'A1B2_reg[2]' is a constant and will be removed. (OPT-1206)
Information: The register 'A1B2_reg[3]' is a constant and will be removed. (OPT-1206)
Information: The register 'A1B2_reg[4]' is a constant and will be removed. (OPT-1206)
Information: The register 'A1B2_reg[5]' is a constant and will be removed. (OPT-1206)
Information: The register 'A1B2_reg[6]' is a constant and will be removed. (OPT-1206)
Information: The register 'A1B2_reg[7]' is a constant and will be removed. (OPT-1206)
Information: The register 'A1B2_reg[8]' is a constant and will be removed. (OPT-1206)
Information: The register 'A1B2_reg[9]' is a constant and will be removed. (OPT-1206)
Information: The register 'A1B2_reg[10]' is a constant and will be removed. (OPT-1206)
Information: The register 'A1B2_reg[11]' is a constant and will be removed. (OPT-1206)
Information: The register 'A1B2_reg[12]' is a constant and will be removed. (OPT-1206)
Information: The register 'A1B2_reg[13]' is a constant and will be removed. (OPT-1206)
Information: The register 'A1B2_reg[14]' is a constant and will be removed. (OPT-1206)
Information: The register 'A1B2_reg[15]' is a constant and will be removed. (OPT-1206)
Information: The register 'A1B2_reg[16]' is a constant and will be removed. (OPT-1206)
Information: The register 'A1B2_reg[17]' is a constant and will be removed. (OPT-1206)
Information: The register 'A1B2_reg[18]' is a constant and will be removed. (OPT-1206)
Information: The register 'A1B2_reg[19]' is a constant and will be removed. (OPT-1206)
Information: The register 'A1B2_reg[20]' is a constant and will be removed. (OPT-1206)
Information: The register 'A1B2_reg[21]' is a constant and will be removed. (OPT-1206)
Information: The register 'A1B2_reg[22]' is a constant and will be removed. (OPT-1206)
Information: The register 'A1B2_reg[23]' is a constant and will be removed. (OPT-1206)
Information: The register 'A1B2_reg[72]' is a constant and will be removed. (OPT-1206)
Information: The register 'A1B2_reg[73]' is a constant and will be removed. (OPT-1206)
Information: The register 'A1B2_reg[74]' is a constant and will be removed. (OPT-1206)
Information: The register 'A1B2_reg[75]' is a constant and will be removed. (OPT-1206)
Information: The register 'A1B2_reg[76]' is a constant and will be removed. (OPT-1206)
Information: The register 'A1B2_reg[77]' is a constant and will be removed. (OPT-1206)
Information: The register 'A1B2_reg[78]' is a constant and will be removed. (OPT-1206)
Information: The register 'A1B2_reg[79]' is a constant and will be removed. (OPT-1206)
Information: The register 'A1B2_reg[80]' is a constant and will be removed. (OPT-1206)
Information: The register 'A1B2_reg[81]' is a constant and will be removed. (OPT-1206)
Information: The register 'A1B2_reg[82]' is a constant and will be removed. (OPT-1206)
Information: The register 'A1B2_reg[83]' is a constant and will be removed. (OPT-1206)
Information: The register 'A1B2_reg[84]' is a constant and will be removed. (OPT-1206)
Information: The register 'A1B2_reg[85]' is a constant and will be removed. (OPT-1206)
Information: The register 'A1B2_reg[86]' is a constant and will be removed. (OPT-1206)
Information: The register 'A1B2_reg[87]' is a constant and will be removed. (OPT-1206)
Information: The register 'A1B2_reg[88]' is a constant and will be removed. (OPT-1206)
Information: The register 'A1B2_reg[89]' is a constant and will be removed. (OPT-1206)
Information: The register 'A1B2_reg[90]' is a constant and will be removed. (OPT-1206)
Information: The register 'A1B2_reg[91]' is a constant and will be removed. (OPT-1206)
Information: The register 'A1B2_reg[92]' is a constant and will be removed. (OPT-1206)
Information: The register 'A1B2_reg[93]' is a constant and will be removed. (OPT-1206)
Information: The register 'A1B2_reg[94]' is a constant and will be removed. (OPT-1206)
Information: The register 'A1B2_reg[95]' is a constant and will be removed. (OPT-1206)
Information: The register 'A1B1_reg[0]' is a constant and will be removed. (OPT-1206)
Information: The register 'A1B1_reg[1]' is a constant and will be removed. (OPT-1206)
Information: The register 'A1B1_reg[2]' is a constant and will be removed. (OPT-1206)
Information: The register 'A1B1_reg[3]' is a constant and will be removed. (OPT-1206)
Information: The register 'A1B1_reg[4]' is a constant and will be removed. (OPT-1206)
Information: The register 'A1B1_reg[5]' is a constant and will be removed. (OPT-1206)
Information: The register 'A1B1_reg[6]' is a constant and will be removed. (OPT-1206)
Information: The register 'A1B1_reg[7]' is a constant and will be removed. (OPT-1206)
Information: The register 'A1B1_reg[8]' is a constant and will be removed. (OPT-1206)
Information: The register 'A1B1_reg[9]' is a constant and will be removed. (OPT-1206)
Information: The register 'A1B1_reg[10]' is a constant and will be removed. (OPT-1206)
Information: The register 'A1B1_reg[11]' is a constant and will be removed. (OPT-1206)
Information: The register 'A1B1_reg[12]' is a constant and will be removed. (OPT-1206)
Information: The register 'A1B1_reg[13]' is a constant and will be removed. (OPT-1206)
Information: The register 'A1B1_reg[14]' is a constant and will be removed. (OPT-1206)
Information: The register 'A1B1_reg[15]' is a constant and will be removed. (OPT-1206)
Information: The register 'A1B1_reg[16]' is a constant and will be removed. (OPT-1206)
Information: The register 'A1B1_reg[17]' is a constant and will be removed. (OPT-1206)
Information: The register 'A1B1_reg[18]' is a constant and will be removed. (OPT-1206)
Information: The register 'A1B1_reg[19]' is a constant and will be removed. (OPT-1206)
Information: The register 'A1B1_reg[20]' is a constant and will be removed. (OPT-1206)
Information: The register 'A1B1_reg[21]' is a constant and will be removed. (OPT-1206)
Information: The register 'A1B1_reg[22]' is a constant and will be removed. (OPT-1206)
Information: The register 'A1B1_reg[23]' is a constant and will be removed. (OPT-1206)
Information: The register 'A1B1_reg[24]' is a constant and will be removed. (OPT-1206)
Information: The register 'A1B1_reg[25]' is a constant and will be removed. (OPT-1206)
Information: The register 'A1B1_reg[26]' is a constant and will be removed. (OPT-1206)
Information: The register 'A1B1_reg[27]' is a constant and will be removed. (OPT-1206)
Information: The register 'A1B1_reg[28]' is a constant and will be removed. (OPT-1206)
Information: The register 'A1B1_reg[29]' is a constant and will be removed. (OPT-1206)
Information: The register 'A1B1_reg[30]' is a constant and will be removed. (OPT-1206)
Information: The register 'A1B1_reg[31]' is a constant and will be removed. (OPT-1206)
Information: The register 'A1B1_reg[32]' is a constant and will be removed. (OPT-1206)
Information: The register 'A1B1_reg[33]' is a constant and will be removed. (OPT-1206)
Information: The register 'A1B1_reg[34]' is a constant and will be removed. (OPT-1206)
Information: The register 'A1B1_reg[35]' is a constant and will be removed. (OPT-1206)
Information: The register 'A1B1_reg[36]' is a constant and will be removed. (OPT-1206)
Information: The register 'A1B1_reg[37]' is a constant and will be removed. (OPT-1206)
Information: The register 'A1B1_reg[38]' is a constant and will be removed. (OPT-1206)
Information: The register 'A1B1_reg[39]' is a constant and will be removed. (OPT-1206)
Information: The register 'A1B1_reg[40]' is a constant and will be removed. (OPT-1206)
Information: The register 'A1B1_reg[41]' is a constant and will be removed. (OPT-1206)
Information: The register 'A1B1_reg[42]' is a constant and will be removed. (OPT-1206)
Information: The register 'A1B1_reg[43]' is a constant and will be removed. (OPT-1206)
Information: The register 'A1B1_reg[44]' is a constant and will be removed. (OPT-1206)
Information: The register 'A1B1_reg[45]' is a constant and will be removed. (OPT-1206)
Information: The register 'A1B1_reg[46]' is a constant and will be removed. (OPT-1206)
Information: The register 'A1B1_reg[47]' is a constant and will be removed. (OPT-1206)
Information: The register 'A2B2_reg[48]' is a constant and will be removed. (OPT-1206)
Information: The register 'A2B2_reg[49]' is a constant and will be removed. (OPT-1206)
Information: The register 'A2B2_reg[50]' is a constant and will be removed. (OPT-1206)
Information: The register 'A2B2_reg[51]' is a constant and will be removed. (OPT-1206)
Information: The register 'A2B2_reg[52]' is a constant and will be removed. (OPT-1206)
Information: The register 'A2B2_reg[53]' is a constant and will be removed. (OPT-1206)
Information: The register 'A2B2_reg[54]' is a constant and will be removed. (OPT-1206)
Information: The register 'A2B2_reg[55]' is a constant and will be removed. (OPT-1206)
Information: The register 'A2B2_reg[56]' is a constant and will be removed. (OPT-1206)
Information: The register 'A2B2_reg[57]' is a constant and will be removed. (OPT-1206)
Information: The register 'A2B2_reg[58]' is a constant and will be removed. (OPT-1206)
Information: The register 'A2B2_reg[59]' is a constant and will be removed. (OPT-1206)
Information: The register 'A2B2_reg[60]' is a constant and will be removed. (OPT-1206)
Information: The register 'A2B2_reg[61]' is a constant and will be removed. (OPT-1206)
Information: The register 'A2B2_reg[62]' is a constant and will be removed. (OPT-1206)
Information: The register 'A2B2_reg[63]' is a constant and will be removed. (OPT-1206)
Information: The register 'A2B2_reg[64]' is a constant and will be removed. (OPT-1206)
Information: The register 'A2B2_reg[65]' is a constant and will be removed. (OPT-1206)
Information: The register 'A2B2_reg[66]' is a constant and will be removed. (OPT-1206)
Information: The register 'A2B2_reg[67]' is a constant and will be removed. (OPT-1206)
Information: The register 'A2B2_reg[68]' is a constant and will be removed. (OPT-1206)
Information: The register 'A2B2_reg[69]' is a constant and will be removed. (OPT-1206)
Information: The register 'A2B2_reg[70]' is a constant and will be removed. (OPT-1206)
Information: The register 'A2B2_reg[71]' is a constant and will be removed. (OPT-1206)
Information: The register 'A2B2_reg[72]' is a constant and will be removed. (OPT-1206)
Information: The register 'A2B2_reg[73]' is a constant and will be removed. (OPT-1206)
Information: The register 'A2B2_reg[74]' is a constant and will be removed. (OPT-1206)
Information: The register 'A2B2_reg[75]' is a constant and will be removed. (OPT-1206)
Information: The register 'A2B2_reg[76]' is a constant and will be removed. (OPT-1206)
Information: The register 'A2B2_reg[77]' is a constant and will be removed. (OPT-1206)
Information: The register 'A2B2_reg[78]' is a constant and will be removed. (OPT-1206)
Information: The register 'A2B2_reg[79]' is a constant and will be removed. (OPT-1206)
Information: The register 'A2B2_reg[80]' is a constant and will be removed. (OPT-1206)
Information: The register 'A2B2_reg[81]' is a constant and will be removed. (OPT-1206)
Information: The register 'A2B2_reg[82]' is a constant and will be removed. (OPT-1206)
Information: The register 'A2B2_reg[83]' is a constant and will be removed. (OPT-1206)
Information: The register 'A2B2_reg[84]' is a constant and will be removed. (OPT-1206)
Information: The register 'A2B2_reg[85]' is a constant and will be removed. (OPT-1206)
Information: The register 'A2B2_reg[86]' is a constant and will be removed. (OPT-1206)
Information: The register 'A2B2_reg[87]' is a constant and will be removed. (OPT-1206)
Information: The register 'A2B2_reg[88]' is a constant and will be removed. (OPT-1206)
Information: The register 'A2B2_reg[89]' is a constant and will be removed. (OPT-1206)
Information: The register 'A2B2_reg[90]' is a constant and will be removed. (OPT-1206)
Information: The register 'A2B2_reg[91]' is a constant and will be removed. (OPT-1206)
Information: The register 'A2B2_reg[92]' is a constant and will be removed. (OPT-1206)
Information: The register 'A2B2_reg[93]' is a constant and will be removed. (OPT-1206)
Information: The register 'A2B2_reg[94]' is a constant and will be removed. (OPT-1206)
Information: The register 'A2B2_reg[95]' is a constant and will be removed. (OPT-1206)
 Implement Synthetic for 'P_MUL'.

  Updating timing information
Information: Updating design information... (UID-85)
Information: The library cell 'TIE1' in the library 'fsa0m_a_generic_core_ss1p62v125c' is not characterized for internal power. (PWR-536)
Information: The library cell 'TIE0' in the library 'fsa0m_a_generic_core_ss1p62v125c' is not characterized for internal power. (PWR-536)
Information: The library cell 'BHD1' in the library 'fsa0m_a_generic_core_ss1p62v125c' is not characterized for internal power. (PWR-536)
Information: The target library(s) contains cell(s), other than black boxes, that are not characterized for internal power. (PWR-24)

  Beginning Mapping Optimizations  (Ultra High effort)
  -------------------------------
  Mapping Optimization (Phase 1)
  Mapping Optimization (Phase 2)
Information: Added key list 'DesignWare' to design 'P_MUL'. (DDB-72)

                                  TOTAL                                                            
   ELAPSED            WORST NEG   SETUP    DESIGN                              LEAKAGE   MIN DELAY 
    TIME      AREA      SLACK     COST    RULE COST         ENDPOINT            POWER      COST    
  --------- --------- --------- --------- --------- ------------------------- --------- -----------
    0:00:40  544452.6      1.77     202.7       0.0                           45001804.0000      0.00  
    0:00:40  543065.2      1.77     202.7       0.0                           44895652.0000      0.00  

  Beginning Constant Register Removal
  -----------------------------------
    0:00:41  543065.2      1.77     202.7       0.0                           44895652.0000      0.00  
    0:00:41  543065.2      1.77     202.7       0.0                           44895652.0000      0.00  

  Beginning Global Optimizations
  ------------------------------
  Numerical Synthesis (Phase 1)
  Numerical Synthesis (Phase 2)
  Global Optimization (Phase 1)
  Global Optimization (Phase 2)
  Global Optimization (Phase 3)
  Global Optimization (Phase 4)
  Global Optimization (Phase 5)
  Global Optimization (Phase 6)
  Global Optimization (Phase 7)
  Global Optimization (Phase 8)
  Global Optimization (Phase 9)
  Global Optimization (Phase 10)
  Global Optimization (Phase 11)
  Global Optimization (Phase 12)
  Global Optimization (Phase 13)
  Global Optimization (Phase 14)
  Global Optimization (Phase 15)
  Global Optimization (Phase 16)
  Global Optimization (Phase 17)
  Global Optimization (Phase 18)
  Global Optimization (Phase 19)
  Global Optimization (Phase 20)
  Global Optimization (Phase 21)
  Global Optimization (Phase 22)
  Global Optimization (Phase 23)
  Global Optimization (Phase 24)
  Global Optimization (Phase 25)
  Global Optimization (Phase 26)
  Global Optimization (Phase 27)
  Global Optimization (Phase 28)
  Global Optimization (Phase 29)
  Global Optimization (Phase 30)
  Global Optimization (Phase 31)

  Beginning Isolate Ports
  -----------------------

  Beginning Delay Optimization
  ----------------------------
    0:00:43  254186.9      1.80     185.7      47.2                           17466206.0000      0.00  
  Mapping 'P_MUL_DW_mult_uns_2'
  Mapping 'P_MUL_DW_mult_uns_3'
    0:00:46  271610.7      0.84      90.4      35.8                           19133094.0000      0.00  
    0:00:46  271610.7      0.84      90.4      35.8                           19133094.0000      0.00  
    0:00:47  271492.0      0.84      90.4       0.0                           19130746.0000      0.00  
    0:00:48  270870.2      0.84      90.3       0.0                           19080172.0000      0.00  
    0:00:48  266520.4      1.14     117.8       0.0                           18634268.0000      0.00  

  Beginning WLM Backend Optimization
  --------------------------------------
    0:00:50  257911.6      1.19     127.8       0.9                           17797612.0000      0.00  
    0:00:51  257811.6      1.02     113.5       0.9                           17828878.0000      0.00  
    0:00:51  257811.6      1.02     113.5       0.9                           17828878.0000      0.00  
    0:00:52  258727.2      1.02     109.0       0.9                           17879392.0000      0.00  
    0:00:52  258727.2      1.02     109.0       0.9                           17879392.0000      0.00  
    0:00:57  271792.0      0.89      96.9       2.3                           19190794.0000      0.00  
    0:00:57  271792.0      0.89      96.9       2.3                           19190794.0000      0.00  
    0:00:57  273173.1      0.86      94.2       2.3                           19315292.0000      0.00  
    0:00:57  273173.1      0.86      94.2       2.3                           19315292.0000      0.00  
    0:01:03  287059.8      0.80      87.0       9.1                           20726040.0000      0.00  
    0:01:03  287059.8      0.80      87.0       9.1                           20726040.0000      0.00  
    0:01:09  312130.0      0.52      61.2       6.8                           23119438.0000      0.00  
    0:01:09  312130.0      0.52      61.2       6.8                           23119438.0000      0.00  
    0:01:18  327888.4      0.47      54.7      36.7                           24675836.0000      0.00  
    0:01:18  327888.4      0.47      54.7      36.7                           24675836.0000      0.00  
    0:01:24  344393.6      0.37      38.8      58.1                           26258240.0000      0.00  
    0:01:24  344393.6      0.37      38.8      58.1                           26258240.0000      0.00  
    0:01:25  347899.6      0.38      39.2      58.1                           26570776.0000      0.00  
    0:01:25  347899.6      0.38      39.2      58.1                           26570776.0000      0.00  
    0:01:30  361920.6      0.28      29.0       0.0                           27926776.0000      0.00  
    0:01:30  361920.6      0.28      29.0       0.0                           27926776.0000      0.00  
    0:01:33  365961.0      0.28      28.7       0.0                           28315212.0000      0.00  
    0:01:35  367264.0      0.25      27.5       0.0                           28458652.0000      0.00  
    0:01:36  369085.8      0.25      26.8       0.0                           28619128.0000      0.00  


  Beginning Leakage Power Optimization  (max_leakage_power 0)
  ------------------------------------

                                  TOTAL                                                            
   ELAPSED            WORST NEG   SETUP    DESIGN                              LEAKAGE   MIN DELAY 
    TIME      AREA      SLACK     COST    RULE COST         ENDPOINT            POWER      COST    
  --------- --------- --------- --------- --------- ------------------------- --------- -----------
    0:01:36  369085.8      0.25      26.8       0.0                           28619128.0000      0.00  
  Global Optimization (Phase 32)
  Global Optimization (Phase 33)
  Global Optimization (Phase 34)
  Global Optimization (Phase 35)
  Global Optimization (Phase 36)
  Global Optimization (Phase 37)
  Global Optimization (Phase 38)
  Global Optimization (Phase 39)
  Global Optimization (Phase 40)
  Global Optimization (Phase 41)
  Global Optimization (Phase 42)
  Global Optimization (Phase 43)
  Global Optimization (Phase 44)
  Global Optimization (Phase 45)
  Global Optimization (Phase 46)
  Global Optimization (Phase 47)
    0:01:41  348746.4      0.28      29.4       0.0                           26815764.0000      0.00  
    0:01:42  349418.3      0.28      28.8       0.0                           26866718.0000      0.00  
    0:01:42  349418.3      0.28      28.8       0.0                           26866718.0000      0.00  
    0:01:43  347662.1      0.28      28.4       0.0                           26685204.0000      0.00  
    0:01:43  347662.1      0.28      28.4       0.0                           26685204.0000      0.00  
    0:01:43  348018.4      0.28      28.2       0.0                           26722986.0000      0.00  
    0:01:44  348018.4      0.28      28.2       0.0                           26722986.0000      0.00  
    0:01:44  349787.0      0.27      27.5       0.0                           26892564.0000      0.00  
    0:01:44  349787.0      0.27      27.5       0.0                           26892564.0000      0.00  
    0:01:45  350843.2      0.26      26.8       0.0                           27002578.0000      0.00  
    0:01:45  350843.2      0.26      26.8       0.0                           27002578.0000      0.00  
    0:01:48  363814.2      0.18      16.8       6.4                           28263098.0000      0.00  
    0:01:48  363814.2      0.18      16.8       6.4                           28263098.0000      0.00  
    0:01:58  376754.0      0.16      14.8       6.4                           29509686.0000      0.00  
    0:01:58  376754.0      0.16      14.8       6.4                           29509686.0000      0.00  
    0:02:02  388959.5      0.11       8.4       6.4                           30669496.0000      0.00  
    0:02:02  388959.5      0.11       8.4       6.4                           30669496.0000      0.00  
    0:02:11  403096.1      0.13       8.7       6.4                           31996318.0000      0.00  
    0:02:11  403096.1      0.13       8.7       6.4                           31996318.0000      0.00  
    0:02:15  416148.4      0.04       2.2       6.4                           33268052.0000      0.00  
    0:02:15  416148.4      0.04       2.2       6.4                           33268052.0000      0.00  
    0:02:18  417048.3      0.04       2.1       6.4                           33365858.0000      0.00  

                                  TOTAL                                                            
   ELAPSED            WORST NEG   SETUP    DESIGN                              LEAKAGE   MIN DELAY 
    TIME      AREA      SLACK     COST    RULE COST         ENDPOINT            POWER      COST    
  --------- --------- --------- --------- --------- ------------------------- --------- -----------
    0:02:18  417048.3      0.04       2.1       6.4                           33365858.0000      0.00  
    0:02:20  408714.5      0.04       1.9       0.0                           32539112.0000      0.00  
    0:02:21  409383.2      0.03       1.1       0.0                           32619628.0000      0.00  
    0:02:21  409383.2      0.03       1.1       0.0                           32619628.0000      0.00  
    0:02:23  393074.8      0.03       0.8       0.0                           30916956.0000      0.00  
    0:02:24  390696.9      0.02       0.8       0.0                           30709842.0000      0.00  
    0:02:24  390471.9      0.02       0.8       0.0                           30691160.0000      0.00  
    0:02:26  392981.1      0.00       0.0       0.0                           30938728.0000      0.00  
    0:02:26  392981.1      0.00       0.0       0.0                           30938728.0000      0.00  
    0:02:26  392899.9      0.00       0.0       0.0                           30929744.0000      0.00  
    0:02:26  392899.9      0.00       0.0       0.0                           30929744.0000      0.00  
    0:02:26  392899.9      0.00       0.0       0.0                           30929744.0000      0.00  
    0:02:29  374560.4      0.00       0.0       0.0                           29168768.0000      0.00  
Loading db file '/RAID2/COURSE/BackUp/2023_Spring/iclab/iclabta01/UMC018_CBDK/CIC/SynopsysDC/db/fsa0m_a_generic_core_ss1p62v125c.db'
Loading db file '/RAID2/COURSE/BackUp/2023_Spring/iclab/iclabta01/UMC018_CBDK/CIC/SynopsysDC/db/fsa0m_a_generic_core_ff1p98vm40c.db'
Loading db file '/RAID2/COURSE/BackUp/2023_Spring/iclab/iclabta01/UMC018_CBDK/CIC/SynopsysDC/db/fsa0m_a_t33_generic_io_ss1p62v125c.db'
Loading db file '/RAID2/COURSE/BackUp/2023_Spring/iclab/iclabta01/UMC018_CBDK/CIC/SynopsysDC/db/fsa0m_a_t33_generic_io_tt1p8v25c.db'


Note: Symbol # after min delay cost means estimated hold TNS across all active scenarios 


  Optimization Complete
  ---------------------
  Loading target library 'fsa0m_a_generic_core_ff1p98vm40c'
  Loading target library 'fsa0m_a_t33_generic_io_ss1p62v125c'
  Loading target library 'fsa0m_a_t33_generic_io_tt1p8v25c'
Information: State dependent leakage is now switched from off to on.
Information: Propagating switching activity (low effort zero delay simulation). (PWR-6)
1
#uniquify
#compile
#======================================================
#  (F) Output Reports 
#======================================================
report_design  >  Report/$DESIGN\.design
report_resource >  Report/$DESIGN\.resource
report_timing -max_paths 3 >  Report/$DESIGN\.timing
report_area >  Report/$DESIGN\.area
report_power > Report/$DESIGN\.power
report_clock > Report/$DESIGN\.clock
report_port >  Report/$DESIGN\.port
report_power >  Report/$DESIGN\.power
#report_reference > Report/$DESIGN\.reference
#======================================================
#  (G) Change Naming Rule
#======================================================
set bus_inference_style "%s\[%d\]"
%s[%d]
set bus_naming_style "%s\[%d\]"
%s[%d]
set hdlout_internal_busses true
true
change_names -hierarchy -rule verilog
1
define_name_rules name_rule -allowed "a-z A-Z 0-9 _" -max_length 255 -type cell
1
define_name_rules name_rule -allowed "a-z A-Z 0-9 _[]" -max_length 255 -type net
1
define_name_rules name_rule -map {{"\\*cell\\*" "cell"}}
1
define_name_rules name_rule -case_insensitive
1
change_names -hierarchy -rules name_rule
1
#======================================================
#  (H) Output Results
#======================================================
set verilogout_higher_designs_first true
true
write -format verilog -output Netlist/$DESIGN\_SYN.v -hierarchy
Writing verilog file '/RAID2/COURSE/DCS/DCS111/Lab09/02_SYN/Netlist/P_MUL_SYN.v'.
1
write -format ddc     -hierarchy -output $DESIGN\_SYN.ddc
Writing ddc file 'P_MUL_SYN.ddc'.
1
write_sdf -version 3.0 -context verilog -load_delay cell Netlist/$DESIGN\_SYN.sdf -significant_digits 6
Information: Writing timing information to file '/RAID2/COURSE/DCS/DCS111/Lab09/02_SYN/Netlist/P_MUL_SYN.sdf'. (WT-3)
Information: Updating design information... (UID-85)
1
write_sdc Netlist/$DESIGN\_SYN.sdc
1
#======================================================
#  (I) Finish and Quit
#======================================================
report_area -designware -hierarchy
 
****************************************
Report : area
Design : P_MUL
Version: T-2022.03
Date   : Fri May 17 20:47:40 2024
****************************************

Library(s) Used:

    fsa0m_a_generic_core_ss1p62v125c (File: /RAID2/COURSE/BackUp/2023_Spring/iclab/iclabta01/UMC018_CBDK/CIC/SynopsysDC/db/fsa0m_a_generic_core_ss1p62v125c.db)

Number of ports:                          242
Number of nets:                         12865
Number of cells:                        12430
Number of combinational cells:          12012
Number of sequential cells:               418
Number of macros/black boxes:               0
Number of buf/inv:                       2486
Number of references:                     115

Combinational area:             350661.931442
Buf/Inv area:                    34447.795052
Noncombinational area:           23898.470531
Macro/Black Box area:                0.000000
Net Interconnect area:      undefined  (Wire load has zero net area)

Total cell area:                374560.401973
Total area:                 undefined

Hierarchical area distribution
------------------------------

                                  Global cell area              Local cell area
                                  --------------------  ------------------------------- 
Hierarchical cell                 Absolute     Percent  Combi-       Noncombi-   Black-
                                  Total        Total    national     national    boxes   Design
--------------------------------  -----------  -------  -----------  ----------  ------  ---------
P_MUL                             374560.4020    100.0  350661.9314  23898.4705  0.0000  P_MUL
--------------------------------  -----------  -------  -----------  ----------  ------  ---------
Total                                                   350661.9314  23898.4705  0.0000


Area of detected synthetic parts
--------------------------------
  No DW parts to report!

Estimated area of ungrouped synthetic parts
-------------------------------------------
                                        Estimated  Perc. of
  Module              Implem.  Count         Area cell area
  ------------------- -------  ----- ------------ ---------
  DP_OP_12J1_122_2264     str      1   19252.5589      5.1%
  DW01_add             pparch      1    6815.1880      1.8%
  DW01_inc             pparch      1    3827.1794      1.0%
  DW_mult_uns          pparch      2  100240.8008     26.8%
  ------------------- -------  ----- ------------ ---------
  DP_OP Subtotal:                  1   19252.5589      5.1%
  Total:                           5  130135.7271     34.7%

Subtotal of datapath(DP_OP) cell area:  19252.5589  5.1%  (estimated)
Total synthetic cell area:              130135.7271  34.7%  (estimated)

1
report_timing 
 
****************************************
Report : timing
        -path full
        -delay max
        -max_paths 1
Design : P_MUL
Version: T-2022.03
Date   : Fri May 17 20:47:40 2024
****************************************

Operating Conditions: WCCOM   Library: fsa0m_a_generic_core_ss1p62v125c
Wire Load Model Mode: top

  Startpoint: B1_reg_15_ (rising edge-triggered flip-flop clocked by clk)
  Endpoint: A2B1_reg_71_
            (rising edge-triggered flip-flop clocked by clk)
  Path Group: clk
  Path Type: max

  Des/Clust/Port     Wire Load Model       Library
  ------------------------------------------------
  P_MUL              enG50K                fsa0m_a_generic_core_ss1p62v125c

  Point                                    Incr       Path
  -----------------------------------------------------------
  clock clk (rise edge)                    0.00       0.00
  clock network delay (ideal)              0.00       0.00
  B1_reg_15_/CK (QDFFP)                    0.00       0.00 r
  B1_reg_15_/Q (QDFFP)                     0.41       0.41 f
  U2017/O (INV3)                           0.21       0.62 r
  U8857/O (INV12)                          0.17       0.79 f
  U1844/O (XOR2HS)                         0.31       1.10 f
  U6486/O (OAI22H)                         0.33       1.43 r
  U2203/O (XOR2H)                          0.22       1.64 r
  U1202/O (XOR2HS)                         0.20       1.84 r
  U10086/S (FA1)                           0.68       2.52 f
  U3665/O (XOR2HP)                         0.22       2.74 f
  U3668/O (XOR2HT)                         0.22       2.96 f
  U3667/O (XNR2HP)                         0.18       3.14 f
  U4449/O (XOR2HP)                         0.19       3.34 f
  U4687/O (NR2F)                           0.19       3.53 r
  U4686/O (NR2F)                           0.12       3.65 f
  U6847/O (AOI12HT)                        0.19       3.84 r
  U8173/O (OAI12HT)                        0.12       3.96 f
  U4739/O (AOI12HT)                        0.34       4.31 r
  U4278/O (OAI12HP)                        0.13       4.44 f
  U4277/O (XOR2H)                          0.18       4.62 f
  U474/O (OAI12H)                          0.19       4.80 r
  A2B1_reg_71_/D (QDFFS)                   0.00       4.80 r
  data arrival time                                   4.80

  clock clk (rise edge)                    5.00       5.00
  clock network delay (ideal)              0.00       5.00
  clock uncertainty                       -0.10       4.90
  A2B1_reg_71_/CK (QDFFS)                  0.00       4.90 r
  library setup time                      -0.10       4.80
  data required time                                  4.80
  -----------------------------------------------------------
  data required time                                  4.80
  data arrival time                                  -4.80
  -----------------------------------------------------------
  slack (MET)                                         0.00


1
exit

Memory usage for this session 467 Mbytes.
Memory usage for this session including child processes 757 Mbytes.
CPU usage for this session 921 seconds ( 0.26 hours ).
Elapsed time for this session 366 seconds ( 0.10 hours ).

Thank you...

