Command: vcs -timescale=1ns/1fs -j4 -sverilog +v2k -full64 -Mupdate -R -debug_access+all \
-y /usr/cad/synopsys/synthesis/cur/dw/sim_ver/ +libext+.v -f filelist.f -o simv -l \
vcs.log -P /usr/cad/synopsys/verdi/2019.06//share/PLI/VCS/linux64/novas.tab /usr/cad/synopsys/verdi/2019.06//share/PLI/VCS/linux64/pli.a \
+define+RTL +notimingchecks
*** Using c compiler gcc instead of cc ...
                         Chronologic VCS (TM)
         Version T-2022.06_Full64 -- Thu Mar 21 17:24:34 2024

                    Copyright (c) 1991 - 2022 Synopsys, Inc.
   This software and the associated documentation are proprietary to Synopsys,
 Inc. This software may only be used in accordance with the terms and conditions
 of a written license agreement with Synopsys, Inc. All other use, reproduction,
   or distribution of this software is strictly prohibited.  Licensed Products
     communicate with Synopsys servers for the purpose of providing software
    updates, detecting software piracy and verifying that customers are using
    Licensed Products in conformity with the applicable License Key for such
  Licensed Products. Synopsys will use information gathered in connection with
    this process to deliver software updates and pursue software pirates and
                                   infringers.

 Inclusivity & Diversity - Visit SolvNetPlus to read the "Synopsys Statement on
            Inclusivity and Diversity" (Refer to article 000036315 at
                        https://solvnetplus.synopsys.com)

Parsing design file 'TESTBED.v'
Parsing included file 'PATTERN.v'.
Back to file 'TESTBED.v'.
Parsing included file 'CORE.v'.
Back to file 'TESTBED.v'.
Top Level Modules:
       TESTBED
TimeScale is 1 ns / 10 ps
Starting vcs inline pass...


Note-[VCS_PARAL] Parallel code-gen enabled
  VCS is running with parallel code generation(-j)...

2 modules and 0 UDP read.
	However, due to incremental compilation, no re-compilation is necessary.
make[1]: Entering directory `/RAID2/COURSE/DCS/DCS111/Lab03/01_RTL/csrc'
rm -f _cuarc*.so _csrc*.so pre_vcsobj_*.so share_vcsobj_*.so
ld -shared  -Bsymbolic   -o .//../simv.daidir//_cuarc0.so objs/amcQw_d.o 
rm -f _cuarc0.so
if [ -x ../simv ]; then chmod a-x ../simv; fi
g++  -o ../simv      -rdynamic  -Wl,-rpath='$ORIGIN'/simv.daidir -Wl,-rpath=./simv.daidir \
-Wl,-rpath=/usr/cad/synopsys/vcs/2022.06/linux64/lib -L/usr/cad/synopsys/vcs/2022.06/linux64/lib \
-Wl,-rpath-link=./  /usr/lib64/libnuma.so.1     _69338_archive_1.so _prev_archive_1.so \
_cuarc0.so  SIM_l.o      rmapats_mop.o rmapats.o rmar.o rmar_nd.o  rmar_llvm_0_1.o \
rmar_llvm_0_0.o           -lvirsim -lerrorinf -lsnpsmalloc -lvfs /usr/cad/synopsys/verdi/2019.06//share/PLI/VCS/linux64/pli.a \
-lvcsnew -lsimprofile -luclinative /usr/cad/synopsys/vcs/2022.06/linux64/lib/vcs_tls.o \
-Wl,-whole-archive  -lvcsucli    -Wl,-no-whole-archive        _vcs_pli_stub_.o   \
/usr/cad/synopsys/vcs/2022.06/linux64/lib/vcs_save_restore_new.o /usr/cad/synopsys/verdi/2019.06//share/PLI/VCS/LINUX64/pli.a \
-ldl -lm  -lc -lpthread -ldl 
../simv up to date
make[1]: Leaving directory `/RAID2/COURSE/DCS/DCS111/Lab03/01_RTL/csrc'
Command: /RAID2/COURSE/DCS/DCS111/Lab03/01_RTL/./simv +v2k +libext+.v -a vcs.log +define+RTL +notimingchecks
Chronologic VCS simulator copyright 1991-2022
Contains Synopsys proprietary information.
Compiler version T-2022.06_Full64; Runtime version T-2022.06_Full64;  Mar 21 17:24 2024
*Verdi* Loading libsscore_vcs201906.so
FSDB Dumper for VCS, Release Verdi_P-2019.06, Linux x86_64/64bit, 05/26/2019
(C) 1996 - 2019 by Synopsys, Inc.
***********************************************************************
*  ERROR -                                                            *
*  The simulator version is newer than the FSDB dumper version which  *
*  may cause abnormal behavior, please contact Synopsys support for   *
*  assistance.                                                        *
***********************************************************************
*Verdi* FSDB WARNING: The FSDB file already exists. Overwriting the FSDB file may crash the programs that are using this file.
*Verdi* : Create FSDB file 'CORE.fsdb'
*Verdi* : Begin traversing the scopes, layer (0).
*Verdi* : Enable +mda dumping.
*Verdi* : End of traversing.
*Verdi* : Begin traversing the scopes, layer (0).
*Verdi* : End of traversing.
[1;32m PATTERN   1 pass[m
[1;32m PATTERN   2 pass[m
[1;32m PATTERN   3 pass[m
[1;32m PATTERN   4 pass[m
[1;32m PATTERN   5 pass[m
[1;32m PATTERN   6 pass[m
[1;32m PATTERN   7 pass[m
[1;32m PATTERN   8 pass[m
[1;32m PATTERN   9 pass[m
[1;32m PATTERN  10 pass[m
[1;32m PATTERN  11 pass[m
[1;32m PATTERN  12 pass[m
[1;32m PATTERN  13 pass[m
[1;32m PATTERN  14 pass[m
[1;32m PATTERN  15 pass[m
[1;32m PATTERN  16 pass[m
[1;32m PATTERN  17 pass[m
[1;32m PATTERN  18 pass[m
[1;32m PATTERN  19 pass[m
[1;32m PATTERN  20 pass[m
[1;32m PATTERN  21 pass[m
[1;32m PATTERN  22 pass[m
[1;32m PATTERN  23 pass[m
[1;32m PATTERN  24 pass[m
[1;32m PATTERN  25 pass[m
[1;32m PATTERN  26 pass[m
[1;32m PATTERN  27 pass[m
[1;32m PATTERN  28 pass[m
[1;32m PATTERN  29 pass[m
[1;32m PATTERN  30 pass[m
[1;32m PATTERN  31 pass[m
[1;32m PATTERN  32 pass[m
[1;32m PATTERN  33 pass[m
[1;32m PATTERN  34 pass[m
[1;32m PATTERN  35 pass[m
[1;32m PATTERN  36 pass[m
[1;32m PATTERN  37 pass[m
[1;32m PATTERN  38 pass[m
[1;32m PATTERN  39 pass[m
[1;32m PATTERN  40 pass[m
[1;32m PATTERN  41 pass[m
[1;32m PATTERN  42 pass[m
[1;32m PATTERN  43 pass[m
[1;32m PATTERN  44 pass[m
[1;32m PATTERN  45 pass[m
[1;32m PATTERN  46 pass[m
[1;32m PATTERN  47 pass[m
[1;32m PATTERN  48 pass[m
[1;32m PATTERN  49 pass[m
[1;32m PATTERN  50 pass[m
[1;32m PATTERN  51 pass[m
[1;32m PATTERN  52 pass[m
[1;32m PATTERN  53 pass[m
[1;32m PATTERN  54 pass[m
[1;32m PATTERN  55 pass[m
[1;32m PATTERN  56 pass[m
[1;32m PATTERN  57 pass[m
[1;32m PATTERN  58 pass[m
[1;32m PATTERN  59 pass[m
[1;32m PATTERN  60 pass[m
[1;32m PATTERN  61 pass[m
[1;32m PATTERN  62 pass[m
[1;32m PATTERN  63 pass[m
[1;32m PATTERN  64 pass[m
[1;32m PATTERN  65 pass[m
[1;32m PATTERN  66 pass[m
[1;32m PATTERN  67 pass[m
[1;32m PATTERN  68 pass[m
[1;32m PATTERN  69 pass[m
[1;32m PATTERN  70 pass[m
[1;32m PATTERN  71 pass[m
[1;32m PATTERN  72 pass[m
[1;32m PATTERN  73 pass[m
[1;32m PATTERN  74 pass[m
[1;32m PATTERN  75 pass[m
[1;32m PATTERN  76 pass[m
[1;32m PATTERN  77 pass[m
[1;32m PATTERN  78 pass[m
[1;32m PATTERN  79 pass[m
[1;32m PATTERN  80 pass[m
[1;32m PATTERN  81 pass[m
[1;32m PATTERN  82 pass[m
[1;32m PATTERN  83 pass[m
[1;32m PATTERN  84 pass[m
[1;32m PATTERN  85 pass[m
[1;32m PATTERN  86 pass[m
[1;32m PATTERN  87 pass[m
[1;32m PATTERN  88 pass[m
[1;32m PATTERN  89 pass[m
[1;32m PATTERN  90 pass[m
[1;32m PATTERN  91 pass[m
[1;32m PATTERN  92 pass[m
[1;32m PATTERN  93 pass[m
[1;32m PATTERN  94 pass[m
[1;32m PATTERN  95 pass[m
[1;32m PATTERN  96 pass[m
[1;32m PATTERN  97 pass[m
[1;32m PATTERN  98 pass[m
[1;32m PATTERN  99 pass[m
[1;32m PATTERN 100 pass[m
[1;32m PATTERN 101 pass[m
[1;32m PATTERN 102 pass[m
[1;32m PATTERN 103 pass[m
[1;32m PATTERN 104 pass[m
[1;32m PATTERN 105 pass[m
[1;32m PATTERN 106 pass[m
[1;32m PATTERN 107 pass[m
[1;32m PATTERN 108 pass[m
[1;32m PATTERN 109 pass[m
[1;32m PATTERN 110 pass[m
[1;32m PATTERN 111 pass[m
[1;32m PATTERN 112 pass[m
[1;32m PATTERN 113 pass[m
[1;32m PATTERN 114 pass[m
[1;32m PATTERN 115 pass[m
[1;32m PATTERN 116 pass[m
[1;32m PATTERN 117 pass[m
[1;32m PATTERN 118 pass[m
[1;32m PATTERN 119 pass[m
[1;32m PATTERN 120 pass[m
[1;32m PATTERN 121 pass[m
[1;32m PATTERN 122 pass[m
[1;32m PATTERN 123 pass[m
[1;32m PATTERN 124 pass[m
[1;32m PATTERN 125 pass[m
[1;32m PATTERN 126 pass[m
[1;32m PATTERN 127 pass[m
[1;32m PATTERN 128 pass[m
[1;32m PATTERN 129 pass[m
[1;32m PATTERN 130 pass[m
[1;32m PATTERN 131 pass[m
[1;32m PATTERN 132 pass[m
[1;32m PATTERN 133 pass[m
[1;32m PATTERN 134 pass[m
[1;32m PATTERN 135 pass[m
[1;32m PATTERN 136 pass[m
[1;32m PATTERN 137 pass[m
[1;32m PATTERN 138 pass[m
[1;32m PATTERN 139 pass[m
[1;32m PATTERN 140 pass[m
[1;32m PATTERN 141 pass[m
[1;32m PATTERN 142 pass[m
[1;32m PATTERN 143 pass[m
[1;32m PATTERN 144 pass[m
[1;32m PATTERN 145 pass[m
[1;32m PATTERN 146 pass[m
[1;32m PATTERN 147 pass[m
[1;32m PATTERN 148 pass[m
[1;32m PATTERN 149 pass[m
[1;32m PATTERN 150 pass[m
[1;32m PATTERN 151 pass[m
[1;32m PATTERN 152 pass[m
[1;32m PATTERN 153 pass[m
[1;32m PATTERN 154 pass[m
[1;32m PATTERN 155 pass[m
[1;32m PATTERN 156 pass[m
[1;32m PATTERN 157 pass[m
[1;32m PATTERN 158 pass[m
[1;32m PATTERN 159 pass[m
[1;32m PATTERN 160 pass[m
[1;32m PATTERN 161 pass[m
[1;32m PATTERN 162 pass[m
[1;32m PATTERN 163 pass[m
[1;32m PATTERN 164 pass[m
[1;32m PATTERN 165 pass[m
[1;32m PATTERN 166 pass[m
[1;32m PATTERN 167 pass[m
[1;32m PATTERN 168 pass[m
[1;32m PATTERN 169 pass[m
[1;32m PATTERN 170 pass[m
[1;32m PATTERN 171 pass[m
[1;32m PATTERN 172 pass[m
[1;32m PATTERN 173 pass[m
[1;32m PATTERN 174 pass[m
[1;32m PATTERN 175 pass[m
[1;32m PATTERN 176 pass[m
[1;32m PATTERN 177 pass[m
[1;32m PATTERN 178 pass[m
[1;32m PATTERN 179 pass[m
[1;32m PATTERN 180 pass[m
[1;32m PATTERN 181 pass[m
[1;32m PATTERN 182 pass[m
[1;32m PATTERN 183 pass[m
[1;32m PATTERN 184 pass[m
[1;32m PATTERN 185 pass[m
[1;32m PATTERN 186 pass[m
[1;32m PATTERN 187 pass[m
[1;32m PATTERN 188 pass[m
[1;32m PATTERN 189 pass[m
[1;32m PATTERN 190 pass[m
[1;32m PATTERN 191 pass[m
[1;32m PATTERN 192 pass[m
[1;32m PATTERN 193 pass[m
[1;32m PATTERN 194 pass[m
[1;32m PATTERN 195 pass[m
[1;32m PATTERN 196 pass[m
[1;32m PATTERN 197 pass[m
[1;32m PATTERN 198 pass[m
[1;32m PATTERN 199 pass[m
[1;32m PATTERN 200 pass[m
[1;32m PATTERN 201 pass[m
[1;32m PATTERN 202 pass[m
[1;32m PATTERN 203 pass[m
[1;32m PATTERN 204 pass[m
[1;32m PATTERN 205 pass[m
[1;32m PATTERN 206 pass[m
[1;32m PATTERN 207 pass[m
[1;32m PATTERN 208 pass[m
[1;32m PATTERN 209 pass[m
[1;32m PATTERN 210 pass[m
[1;32m PATTERN 211 pass[m
[1;32m PATTERN 212 pass[m
[1;32m PATTERN 213 pass[m
[1;32m PATTERN 214 pass[m
[1;32m PATTERN 215 pass[m
[1;32m PATTERN 216 pass[m
[1;32m PATTERN 217 pass[m
[1;32m PATTERN 218 pass[m
[1;32m PATTERN 219 pass[m
[1;32m PATTERN 220 pass[m
[1;32m PATTERN 221 pass[m
[1;32m PATTERN 222 pass[m
[1;32m PATTERN 223 pass[m
[1;32m PATTERN 224 pass[m
[1;32m PATTERN 225 pass[m
[1;32m PATTERN 226 pass[m
[1;32m PATTERN 227 pass[m
[1;32m PATTERN 228 pass[m
[1;32m PATTERN 229 pass[m
[1;32m PATTERN 230 pass[m
[1;32m PATTERN 231 pass[m
[1;32m PATTERN 232 pass[m
[1;32m PATTERN 233 pass[m
[1;32m PATTERN 234 pass[m
[1;32m PATTERN 235 pass[m
[1;32m PATTERN 236 pass[m
[1;32m PATTERN 237 pass[m
[1;32m PATTERN 238 pass[m
[1;32m PATTERN 239 pass[m
[1;32m PATTERN 240 pass[m
[1;32m PATTERN 241 pass[m
[1;32m PATTERN 242 pass[m
[1;32m PATTERN 243 pass[m
[1;32m PATTERN 244 pass[m
[1;32m PATTERN 245 pass[m
[1;32m PATTERN 246 pass[m
[1;32m PATTERN 247 pass[m
[1;32m PATTERN 248 pass[m
[1;32m PATTERN 249 pass[m
[1;32m PATTERN 250 pass[m
[1;32m PATTERN 251 pass[m
[1;32m PATTERN 252 pass[m
[1;32m PATTERN 253 pass[m
[1;32m PATTERN 254 pass[m
[1;32m PATTERN 255 pass[m
[1;32m PATTERN 256 pass[m
[1;32m PATTERN 257 pass[m
[1;32m PATTERN 258 pass[m
[1;32m PATTERN 259 pass[m
[1;32m PATTERN 260 pass[m
[1;32m PATTERN 261 pass[m
[1;32m PATTERN 262 pass[m
[1;32m PATTERN 263 pass[m
[1;32m PATTERN 264 pass[m
[1;32m PATTERN 265 pass[m
[1;32m PATTERN 266 pass[m
[1;32m PATTERN 267 pass[m
[1;32m PATTERN 268 pass[m
[1;32m PATTERN 269 pass[m
[1;32m PATTERN 270 pass[m
[1;32m PATTERN 271 pass[m
[1;32m PATTERN 272 pass[m
[1;32m PATTERN 273 pass[m
[1;32m PATTERN 274 pass[m
[1;32m PATTERN 275 pass[m
[1;32m PATTERN 276 pass[m
[1;32m PATTERN 277 pass[m
[1;32m PATTERN 278 pass[m
[1;32m PATTERN 279 pass[m
[1;32m PATTERN 280 pass[m
[1;32m PATTERN 281 pass[m
[1;32m PATTERN 282 pass[m
[1;32m PATTERN 283 pass[m
[1;32m PATTERN 284 pass[m
[1;32m PATTERN 285 pass[m
[1;32m PATTERN 286 pass[m
[1;32m PATTERN 287 pass[m
[1;32m PATTERN 288 pass[m
[1;32m PATTERN 289 pass[m
[1;32m PATTERN 290 pass[m
[1;32m PATTERN 291 pass[m
[1;32m PATTERN 292 pass[m
[1;32m PATTERN 293 pass[m
[1;32m PATTERN 294 pass[m
[1;32m PATTERN 295 pass[m
[1;32m PATTERN 296 pass[m
[1;32m PATTERN 297 pass[m
[1;32m PATTERN 298 pass[m
[1;32m PATTERN 299 pass[m
[1;32m PATTERN 300 pass[m
[1;32m PATTERN 301 pass[m
[1;32m PATTERN 302 pass[m
[1;32m PATTERN 303 pass[m
[1;32m PATTERN 304 pass[m
[1;32m PATTERN 305 pass[m
[1;32m PATTERN 306 pass[m
[1;32m PATTERN 307 pass[m
[1;32m PATTERN 308 pass[m
[1;32m PATTERN 309 pass[m
[1;32m PATTERN 310 pass[m
[1;32m PATTERN 311 pass[m
[1;32m PATTERN 312 pass[m
[1;32m PATTERN 313 pass[m
[1;32m PATTERN 314 pass[m
[1;32m PATTERN 315 pass[m
[1;32m PATTERN 316 pass[m
[1;32m PATTERN 317 pass[m
[1;32m PATTERN 318 pass[m
[1;32m PATTERN 319 pass[m
[1;32m PATTERN 320 pass[m
[1;32m PATTERN 321 pass[m
[1;32m PATTERN 322 pass[m
[1;32m PATTERN 323 pass[m
[1;32m PATTERN 324 pass[m
[1;32m PATTERN 325 pass[m
[1;32m PATTERN 326 pass[m
[1;32m PATTERN 327 pass[m
[1;32m PATTERN 328 pass[m
[1;32m PATTERN 329 pass[m
[1;32m PATTERN 330 pass[m
[1;32m PATTERN 331 pass[m
[1;32m PATTERN 332 pass[m
[1;32m PATTERN 333 pass[m
[1;32m PATTERN 334 pass[m
[1;32m PATTERN 335 pass[m
[1;32m PATTERN 336 pass[m
[1;32m PATTERN 337 pass[m
[1;32m PATTERN 338 pass[m
[1;32m PATTERN 339 pass[m
[1;32m PATTERN 340 pass[m
[1;32m PATTERN 341 pass[m
[1;32m PATTERN 342 pass[m
[1;32m PATTERN 343 pass[m
[1;32m PATTERN 344 pass[m
[1;32m PATTERN 345 pass[m
[1;32m PATTERN 346 pass[m
[1;32m PATTERN 347 pass[m
[1;32m PATTERN 348 pass[m
[1;32m PATTERN 349 pass[m
[1;32m PATTERN 350 pass[m
[1;32m PATTERN 351 pass[m
[1;32m PATTERN 352 pass[m
[1;32m PATTERN 353 pass[m
[1;32m PATTERN 354 pass[m
[1;32m PATTERN 355 pass[m
[1;32m PATTERN 356 pass[m
[1;32m PATTERN 357 pass[m
[1;32m PATTERN 358 pass[m
[1;32m PATTERN 359 pass[m
[1;32m PATTERN 360 pass[m
[1;32m PATTERN 361 pass[m
[1;32m PATTERN 362 pass[m
[1;32m PATTERN 363 pass[m
[1;32m PATTERN 364 pass[m
[1;32m PATTERN 365 pass[m
[1;32m PATTERN 366 pass[m
[1;32m PATTERN 367 pass[m
[1;32m PATTERN 368 pass[m
[1;32m PATTERN 369 pass[m
[1;32m PATTERN 370 pass[m
[1;32m PATTERN 371 pass[m
[1;32m PATTERN 372 pass[m
[1;32m PATTERN 373 pass[m
[1;32m PATTERN 374 pass[m
[1;32m PATTERN 375 pass[m
[1;32m PATTERN 376 pass[m
[1;32m PATTERN 377 pass[m
[1;32m PATTERN 378 pass[m
[1;32m PATTERN 379 pass[m
[1;32m PATTERN 380 pass[m
[1;32m PATTERN 381 pass[m
[1;32m PATTERN 382 pass[m
[1;32m PATTERN 383 pass[m
[1;32m PATTERN 384 pass[m
[1;32m PATTERN 385 pass[m
[1;32m PATTERN 386 pass[m
[1;32m PATTERN 387 pass[m
[1;32m PATTERN 388 pass[m
[1;32m PATTERN 389 pass[m
[1;32m PATTERN 390 pass[m
[1;32m PATTERN 391 pass[m
[1;32m PATTERN 392 pass[m
[1;32m PATTERN 393 pass[m
[1;32m PATTERN 394 pass[m
[1;32m PATTERN 395 pass[m
[1;32m PATTERN 396 pass[m
[1;32m PATTERN 397 pass[m
[1;32m PATTERN 398 pass[m
[1;32m PATTERN 399 pass[m
[1;32m PATTERN 400 pass[m
[1;32m PATTERN 401 pass[m
[1;32m PATTERN 402 pass[m
[1;32m PATTERN 403 pass[m
[1;32m PATTERN 404 pass[m
[1;32m PATTERN 405 pass[m
[1;32m PATTERN 406 pass[m
[1;32m PATTERN 407 pass[m
[1;32m PATTERN 408 pass[m
[1;32m PATTERN 409 pass[m
[1;32m PATTERN 410 pass[m
[1;32m PATTERN 411 pass[m
[1;32m PATTERN 412 pass[m
[1;32m PATTERN 413 pass[m
[1;32m PATTERN 414 pass[m
[1;32m PATTERN 415 pass[m
[1;32m PATTERN 416 pass[m
[1;32m PATTERN 417 pass[m
[1;32m PATTERN 418 pass[m
[1;32m PATTERN 419 pass[m
[1;32m PATTERN 420 pass[m
[1;32m PATTERN 421 pass[m
[1;32m PATTERN 422 pass[m
[1;32m PATTERN 423 pass[m
[1;32m PATTERN 424 pass[m
[1;32m PATTERN 425 pass[m
[1;32m PATTERN 426 pass[m
[1;32m PATTERN 427 pass[m
[1;32m PATTERN 428 pass[m
[1;32m PATTERN 429 pass[m
[1;32m PATTERN 430 pass[m
[1;32m PATTERN 431 pass[m
[1;32m PATTERN 432 pass[m
[1;32m PATTERN 433 pass[m
[1;32m PATTERN 434 pass[m
[1;32m PATTERN 435 pass[m
[1;32m PATTERN 436 pass[m
[1;32m PATTERN 437 pass[m
[1;32m PATTERN 438 pass[m
[1;32m PATTERN 439 pass[m
[1;32m PATTERN 440 pass[m
[1;32m PATTERN 441 pass[m
[1;32m PATTERN 442 pass[m
[1;32m PATTERN 443 pass[m
[1;32m PATTERN 444 pass[m
[1;32m PATTERN 445 pass[m
[1;32m PATTERN 446 pass[m
[1;32m PATTERN 447 pass[m
[1;32m PATTERN 448 pass[m
[1;32m PATTERN 449 pass[m
[1;32m PATTERN 450 pass[m
[1;32m PATTERN 451 pass[m
[1;32m PATTERN 452 pass[m
[1;32m PATTERN 453 pass[m
[1;32m PATTERN 454 pass[m
[1;32m PATTERN 455 pass[m
[1;32m PATTERN 456 pass[m
[1;32m PATTERN 457 pass[m
[1;32m PATTERN 458 pass[m
[1;32m PATTERN 459 pass[m
[1;32m PATTERN 460 pass[m
[1;32m PATTERN 461 pass[m
[1;32m PATTERN 462 pass[m
[1;32m PATTERN 463 pass[m
[1;32m PATTERN 464 pass[m
[1;32m PATTERN 465 pass[m
[1;32m PATTERN 466 pass[m
[1;32m PATTERN 467 pass[m
[1;32m PATTERN 468 pass[m
[1;32m PATTERN 469 pass[m
[1;32m PATTERN 470 pass[m
[1;32m PATTERN 471 pass[m
[1;32m PATTERN 472 pass[m
[1;32m PATTERN 473 pass[m
[1;32m PATTERN 474 pass[m
[1;32m PATTERN 475 pass[m
[1;32m PATTERN 476 pass[m
[1;32m PATTERN 477 pass[m
[1;32m PATTERN 478 pass[m
[1;32m PATTERN 479 pass[m
[1;32m PATTERN 480 pass[m
[1;32m PATTERN 481 pass[m
[1;32m PATTERN 482 pass[m
[1;32m PATTERN 483 pass[m
[1;32m PATTERN 484 pass[m
[1;32m PATTERN 485 pass[m
[1;32m PATTERN 486 pass[m
[1;32m PATTERN 487 pass[m
[1;32m PATTERN 488 pass[m
[1;32m PATTERN 489 pass[m
[1;32m PATTERN 490 pass[m
[1;32m PATTERN 491 pass[m
[1;32m PATTERN 492 pass[m
[1;32m PATTERN 493 pass[m
[1;32m PATTERN 494 pass[m
[1;32m PATTERN 495 pass[m
[1;32m PATTERN 496 pass[m
[1;32m PATTERN 497 pass[m
[1;32m PATTERN 498 pass[m
[1;32m PATTERN 499 pass[m
[1;32m PATTERN 500 pass[m
[1;32m PATTERN 501 pass[m
[1;32m PATTERN 502 pass[m
[1;32m PATTERN 503 pass[m
[1;32m PATTERN 504 pass[m
[1;32m PATTERN 505 pass[m
[1;32m PATTERN 506 pass[m
[1;32m PATTERN 507 pass[m
[1;32m PATTERN 508 pass[m
[1;32m PATTERN 509 pass[m
[1;32m PATTERN 510 pass[m
[1;32m PATTERN 511 pass[m
[1;32m PATTERN 512 pass[m
[1;32m PATTERN 513 pass[m
[1;32m PATTERN 514 pass[m
[1;32m PATTERN 515 pass[m
[1;32m PATTERN 516 pass[m
[1;32m PATTERN 517 pass[m
[1;32m PATTERN 518 pass[m
[1;32m PATTERN 519 pass[m
[1;32m PATTERN 520 pass[m
[1;32m PATTERN 521 pass[m
[1;32m PATTERN 522 pass[m
[1;32m PATTERN 523 pass[m
[1;32m PATTERN 524 pass[m
[1;32m PATTERN 525 pass[m
[1;32m PATTERN 526 pass[m
[1;32m PATTERN 527 pass[m
[1;32m PATTERN 528 pass[m
[1;32m PATTERN 529 pass[m
[1;32m PATTERN 530 pass[m
[1;32m PATTERN 531 pass[m
[1;32m PATTERN 532 pass[m
[1;32m PATTERN 533 pass[m
[1;32m PATTERN 534 pass[m
[1;32m PATTERN 535 pass[m
[1;32m PATTERN 536 pass[m
[1;32m PATTERN 537 pass[m
[1;32m PATTERN 538 pass[m
[1;32m PATTERN 539 pass[m
[1;32m PATTERN 540 pass[m
[1;32m PATTERN 541 pass[m
[1;32m PATTERN 542 pass[m
[1;32m PATTERN 543 pass[m
[1;32m PATTERN 544 pass[m
[1;32m PATTERN 545 pass[m
[1;32m PATTERN 546 pass[m
[1;32m PATTERN 547 pass[m
[1;32m PATTERN 548 pass[m
[1;32m PATTERN 549 pass[m
[1;32m PATTERN 550 pass[m
[1;32m PATTERN 551 pass[m
[1;32m PATTERN 552 pass[m
[1;32m PATTERN 553 pass[m
[1;32m PATTERN 554 pass[m
[1;32m PATTERN 555 pass[m
[1;32m PATTERN 556 pass[m
[1;32m PATTERN 557 pass[m
[1;32m PATTERN 558 pass[m
[1;32m PATTERN 559 pass[m
[1;32m PATTERN 560 pass[m
[1;32m PATTERN 561 pass[m
[1;32m PATTERN 562 pass[m
[1;32m PATTERN 563 pass[m
[1;32m PATTERN 564 pass[m
[1;32m PATTERN 565 pass[m
[1;32m PATTERN 566 pass[m
[1;32m PATTERN 567 pass[m
[1;32m PATTERN 568 pass[m
[1;32m PATTERN 569 pass[m
[1;32m PATTERN 570 pass[m
[1;32m PATTERN 571 pass[m
[1;32m PATTERN 572 pass[m
[1;32m PATTERN 573 pass[m
[1;32m PATTERN 574 pass[m
[1;32m PATTERN 575 pass[m
[1;32m PATTERN 576 pass[m
[1;32m PATTERN 577 pass[m
[1;32m PATTERN 578 pass[m
[1;32m PATTERN 579 pass[m
[1;32m PATTERN 580 pass[m
[1;32m PATTERN 581 pass[m
[1;32m PATTERN 582 pass[m
[1;32m PATTERN 583 pass[m
[1;32m PATTERN 584 pass[m
[1;32m PATTERN 585 pass[m
[1;32m PATTERN 586 pass[m
[1;32m PATTERN 587 pass[m
[1;32m PATTERN 588 pass[m
[1;32m PATTERN 589 pass[m
[1;32m PATTERN 590 pass[m
[1;32m PATTERN 591 pass[m
[1;32m PATTERN 592 pass[m
[1;32m PATTERN 593 pass[m
[1;32m PATTERN 594 pass[m
[1;32m PATTERN 595 pass[m
[1;32m PATTERN 596 pass[m
[1;32m PATTERN 597 pass[m
[1;32m PATTERN 598 pass[m
[1;32m PATTERN 599 pass[m
[1;32m PATTERN 600 pass[m
[1;32m PATTERN 601 pass[m
[1;32m PATTERN 602 pass[m
[1;32m PATTERN 603 pass[m
[1;32m PATTERN 604 pass[m
[1;32m PATTERN 605 pass[m
[1;32m PATTERN 606 pass[m
[1;32m PATTERN 607 pass[m
[1;32m PATTERN 608 pass[m
[1;32m PATTERN 609 pass[m
[1;32m PATTERN 610 pass[m
[1;32m PATTERN 611 pass[m
[1;32m PATTERN 612 pass[m
[1;32m PATTERN 613 pass[m
[1;32m PATTERN 614 pass[m
[1;32m PATTERN 615 pass[m
[1;32m PATTERN 616 pass[m
[1;32m PATTERN 617 pass[m
[1;32m PATTERN 618 pass[m
[1;32m PATTERN 619 pass[m
[1;32m PATTERN 620 pass[m
[1;32m PATTERN 621 pass[m
[1;32m PATTERN 622 pass[m
[1;32m PATTERN 623 pass[m
[1;32m PATTERN 624 pass[m
[1;32m PATTERN 625 pass[m
[1;32m PATTERN 626 pass[m
[1;32m PATTERN 627 pass[m
[1;32m PATTERN 628 pass[m
[1;32m PATTERN 629 pass[m
[1;32m PATTERN 630 pass[m
[1;32m PATTERN 631 pass[m
[1;32m PATTERN 632 pass[m
[1;32m PATTERN 633 pass[m
[1;32m PATTERN 634 pass[m
[1;32m PATTERN 635 pass[m
[1;32m PATTERN 636 pass[m
[1;32m PATTERN 637 pass[m
[1;32m PATTERN 638 pass[m
[1;32m PATTERN 639 pass[m
[1;32m PATTERN 640 pass[m
[1;32m PATTERN 641 pass[m
[1;32m PATTERN 642 pass[m
[1;32m PATTERN 643 pass[m
[1;32m PATTERN 644 pass[m
[1;32m PATTERN 645 pass[m
[1;32m PATTERN 646 pass[m
[1;32m PATTERN 647 pass[m
[1;32m PATTERN 648 pass[m
[1;32m PATTERN 649 pass[m
[1;32m PATTERN 650 pass[m
[1;32m PATTERN 651 pass[m
[1;32m PATTERN 652 pass[m
[1;32m PATTERN 653 pass[m
[1;32m PATTERN 654 pass[m
[1;32m PATTERN 655 pass[m
[1;32m PATTERN 656 pass[m
[1;32m PATTERN 657 pass[m
[1;32m PATTERN 658 pass[m
[1;32m PATTERN 659 pass[m
[1;32m PATTERN 660 pass[m
[1;32m PATTERN 661 pass[m
[1;32m PATTERN 662 pass[m
[1;32m PATTERN 663 pass[m
[1;32m PATTERN 664 pass[m
[1;32m PATTERN 665 pass[m
[1;32m PATTERN 666 pass[m
[1;32m PATTERN 667 pass[m
[1;32m PATTERN 668 pass[m
[1;32m PATTERN 669 pass[m
[1;32m PATTERN 670 pass[m
[1;32m PATTERN 671 pass[m
[1;32m PATTERN 672 pass[m
[1;32m PATTERN 673 pass[m
[1;32m PATTERN 674 pass[m
[1;32m PATTERN 675 pass[m
[1;32m PATTERN 676 pass[m
[1;32m PATTERN 677 pass[m
[1;32m PATTERN 678 pass[m
[1;32m PATTERN 679 pass[m
[1;32m PATTERN 680 pass[m
[1;32m PATTERN 681 pass[m
[1;32m PATTERN 682 pass[m
[1;32m PATTERN 683 pass[m
[1;32m PATTERN 684 pass[m
[1;32m PATTERN 685 pass[m
[1;32m PATTERN 686 pass[m
[1;32m PATTERN 687 pass[m
[1;32m PATTERN 688 pass[m
[1;32m PATTERN 689 pass[m
[1;32m PATTERN 690 pass[m
[1;32m PATTERN 691 pass[m
[1;32m PATTERN 692 pass[m
[1;32m PATTERN 693 pass[m
[1;32m PATTERN 694 pass[m
[1;32m PATTERN 695 pass[m
[1;32m PATTERN 696 pass[m
[1;32m PATTERN 697 pass[m
[1;32m PATTERN 698 pass[m
[1;32m PATTERN 699 pass[m
[1;32m PATTERN 700 pass[m
[1;32m PATTERN 701 pass[m
[1;32m PATTERN 702 pass[m
[1;32m PATTERN 703 pass[m
[1;32m PATTERN 704 pass[m
[1;32m PATTERN 705 pass[m
[1;32m PATTERN 706 pass[m
[1;32m PATTERN 707 pass[m
[1;32m PATTERN 708 pass[m
[1;32m PATTERN 709 pass[m
[1;32m PATTERN 710 pass[m
[1;32m PATTERN 711 pass[m
[1;32m PATTERN 712 pass[m
[1;32m PATTERN 713 pass[m
[1;32m PATTERN 714 pass[m
[1;32m PATTERN 715 pass[m
[1;32m PATTERN 716 pass[m
[1;32m PATTERN 717 pass[m
[1;32m PATTERN 718 pass[m
[1;32m PATTERN 719 pass[m
[1;32m PATTERN 720 pass[m
[1;32m PATTERN 721 pass[m
[1;32m PATTERN 722 pass[m
[1;32m PATTERN 723 pass[m
[1;32m PATTERN 724 pass[m
[1;32m PATTERN 725 pass[m
[1;32m PATTERN 726 pass[m
[1;32m PATTERN 727 pass[m
[1;32m PATTERN 728 pass[m
[1;32m PATTERN 729 pass[m
[1;32m PATTERN 730 pass[m
[1;32m PATTERN 731 pass[m
[1;32m PATTERN 732 pass[m
[1;32m PATTERN 733 pass[m
[1;32m PATTERN 734 pass[m
[1;32m PATTERN 735 pass[m
[1;32m PATTERN 736 pass[m
[1;32m PATTERN 737 pass[m
[1;32m PATTERN 738 pass[m
[1;32m PATTERN 739 pass[m
[1;32m PATTERN 740 pass[m
[1;32m PATTERN 741 pass[m
[1;32m PATTERN 742 pass[m
[1;32m PATTERN 743 pass[m
[1;32m PATTERN 744 pass[m
[1;32m PATTERN 745 pass[m
[1;32m PATTERN 746 pass[m
[1;32m PATTERN 747 pass[m
[1;32m PATTERN 748 pass[m
[1;32m PATTERN 749 pass[m
[1;32m PATTERN 750 pass[m
[1;32m PATTERN 751 pass[m
[1;32m PATTERN 752 pass[m
[1;32m PATTERN 753 pass[m
[1;32m PATTERN 754 pass[m
[1;32m PATTERN 755 pass[m
[1;32m PATTERN 756 pass[m
[1;32m PATTERN 757 pass[m
[1;32m PATTERN 758 pass[m
[1;32m PATTERN 759 pass[m
[1;32m PATTERN 760 pass[m
[1;32m PATTERN 761 pass[m
[1;32m PATTERN 762 pass[m
[1;32m PATTERN 763 pass[m
[1;32m PATTERN 764 pass[m
[1;32m PATTERN 765 pass[m
[1;32m PATTERN 766 pass[m
[1;32m PATTERN 767 pass[m
[1;32m PATTERN 768 pass[m
[1;32m PATTERN 769 pass[m
[1;32m PATTERN 770 pass[m
[1;32m PATTERN 771 pass[m
[1;32m PATTERN 772 pass[m
[1;32m PATTERN 773 pass[m
[1;32m PATTERN 774 pass[m
[1;32m PATTERN 775 pass[m
[1;32m PATTERN 776 pass[m
[1;32m PATTERN 777 pass[m
[1;32m PATTERN 778 pass[m
[1;32m PATTERN 779 pass[m
[1;32m PATTERN 780 pass[m
[1;32m PATTERN 781 pass[m
[1;32m PATTERN 782 pass[m
[1;32m PATTERN 783 pass[m
[1;32m PATTERN 784 pass[m
[1;32m PATTERN 785 pass[m
[1;32m PATTERN 786 pass[m
[1;32m PATTERN 787 pass[m
[1;32m PATTERN 788 pass[m
[1;32m PATTERN 789 pass[m
[1;32m PATTERN 790 pass[m
[1;32m PATTERN 791 pass[m
[1;32m PATTERN 792 pass[m
[1;32m PATTERN 793 pass[m
[1;32m PATTERN 794 pass[m
[1;32m PATTERN 795 pass[m
[1;32m PATTERN 796 pass[m
[1;32m PATTERN 797 pass[m
[1;32m PATTERN 798 pass[m
[1;32m PATTERN 799 pass[m
[1;32m PATTERN 800 pass[m
[1;32m PATTERN 801 pass[m
[1;32m PATTERN 802 pass[m
[1;32m PATTERN 803 pass[m
[1;32m PATTERN 804 pass[m
[1;32m PATTERN 805 pass[m
[1;32m PATTERN 806 pass[m
[1;32m PATTERN 807 pass[m
[1;32m PATTERN 808 pass[m
[1;32m PATTERN 809 pass[m
[1;32m PATTERN 810 pass[m
[1;32m PATTERN 811 pass[m
[1;32m PATTERN 812 pass[m
[1;32m PATTERN 813 pass[m
[1;32m PATTERN 814 pass[m
[1;32m PATTERN 815 pass[m
[1;32m PATTERN 816 pass[m
[1;32m PATTERN 817 pass[m
[1;32m PATTERN 818 pass[m
[1;32m PATTERN 819 pass[m
[1;32m PATTERN 820 pass[m
[1;32m PATTERN 821 pass[m
[1;32m PATTERN 822 pass[m
[1;32m PATTERN 823 pass[m
[1;32m PATTERN 824 pass[m
[1;32m PATTERN 825 pass[m
[1;32m PATTERN 826 pass[m
[1;32m PATTERN 827 pass[m
[1;32m PATTERN 828 pass[m
[1;32m PATTERN 829 pass[m
[1;32m PATTERN 830 pass[m
[1;32m PATTERN 831 pass[m
[1;32m PATTERN 832 pass[m
[1;32m PATTERN 833 pass[m
[1;32m PATTERN 834 pass[m
[1;32m PATTERN 835 pass[m
[1;32m PATTERN 836 pass[m
[1;32m PATTERN 837 pass[m
[1;32m PATTERN 838 pass[m
[1;32m PATTERN 839 pass[m
[1;32m PATTERN 840 pass[m
[1;32m PATTERN 841 pass[m
[1;32m PATTERN 842 pass[m
[1;32m PATTERN 843 pass[m
[1;32m PATTERN 844 pass[m
[1;32m PATTERN 845 pass[m
[1;32m PATTERN 846 pass[m
[1;32m PATTERN 847 pass[m
[1;32m PATTERN 848 pass[m
[1;32m PATTERN 849 pass[m
[1;32m PATTERN 850 pass[m
[1;32m PATTERN 851 pass[m
[1;32m PATTERN 852 pass[m
[1;32m PATTERN 853 pass[m
[1;32m PATTERN 854 pass[m
[1;32m PATTERN 855 pass[m
[1;32m PATTERN 856 pass[m
[1;32m PATTERN 857 pass[m
[1;32m PATTERN 858 pass[m
[1;32m PATTERN 859 pass[m
[1;32m PATTERN 860 pass[m
[1;32m PATTERN 861 pass[m
[1;32m PATTERN 862 pass[m
[1;32m PATTERN 863 pass[m
[1;32m PATTERN 864 pass[m
[1;32m PATTERN 865 pass[m
[1;32m PATTERN 866 pass[m
[1;32m PATTERN 867 pass[m
[1;32m PATTERN 868 pass[m
[1;32m PATTERN 869 pass[m
[1;32m PATTERN 870 pass[m
[1;32m PATTERN 871 pass[m
[1;32m PATTERN 872 pass[m
[1;32m PATTERN 873 pass[m
[1;32m PATTERN 874 pass[m
[1;32m PATTERN 875 pass[m
[1;32m PATTERN 876 pass[m
[1;32m PATTERN 877 pass[m
[1;32m PATTERN 878 pass[m
[1;32m PATTERN 879 pass[m
[1;32m PATTERN 880 pass[m
[1;32m PATTERN 881 pass[m
[1;32m PATTERN 882 pass[m
[1;32m PATTERN 883 pass[m
[1;32m PATTERN 884 pass[m
[1;32m PATTERN 885 pass[m
[1;32m PATTERN 886 pass[m
[1;32m PATTERN 887 pass[m
[1;32m PATTERN 888 pass[m
[1;32m PATTERN 889 pass[m
[1;32m PATTERN 890 pass[m
[1;32m PATTERN 891 pass[m
[1;32m PATTERN 892 pass[m
[1;32m PATTERN 893 pass[m
[1;32m PATTERN 894 pass[m
[1;32m PATTERN 895 pass[m
[1;32m PATTERN 896 pass[m
[1;32m PATTERN 897 pass[m
[1;32m PATTERN 898 pass[m
[1;32m PATTERN 899 pass[m
[1;32m PATTERN 900 pass[m
[1;32m PATTERN 901 pass[m
[1;32m PATTERN 902 pass[m
[1;32m PATTERN 903 pass[m
[1;32m PATTERN 904 pass[m
[1;32m PATTERN 905 pass[m
[1;32m PATTERN 906 pass[m
[1;32m PATTERN 907 pass[m
[1;32m PATTERN 908 pass[m
[1;32m PATTERN 909 pass[m
[1;32m PATTERN 910 pass[m
[1;32m PATTERN 911 pass[m
[1;32m PATTERN 912 pass[m
[1;32m PATTERN 913 pass[m
[1;32m PATTERN 914 pass[m
[1;32m PATTERN 915 pass[m
[1;32m PATTERN 916 pass[m
[1;32m PATTERN 917 pass[m
[1;32m PATTERN 918 pass[m
[1;32m PATTERN 919 pass[m
[1;32m PATTERN 920 pass[m
[1;32m PATTERN 921 pass[m
[1;32m PATTERN 922 pass[m
[1;32m PATTERN 923 pass[m
[1;32m PATTERN 924 pass[m
[1;32m PATTERN 925 pass[m
[1;32m PATTERN 926 pass[m
[1;32m PATTERN 927 pass[m
[1;32m PATTERN 928 pass[m
[1;32m PATTERN 929 pass[m
[1;32m PATTERN 930 pass[m
[1;32m PATTERN 931 pass[m
[1;32m PATTERN 932 pass[m
[1;32m PATTERN 933 pass[m
[1;32m PATTERN 934 pass[m
[1;32m PATTERN 935 pass[m
[1;32m PATTERN 936 pass[m
[1;32m PATTERN 937 pass[m
[1;32m PATTERN 938 pass[m
[1;32m PATTERN 939 pass[m
[1;32m PATTERN 940 pass[m
[1;32m PATTERN 941 pass[m
[1;32m PATTERN 942 pass[m
[1;32m PATTERN 943 pass[m
[1;32m PATTERN 944 pass[m
[1;32m PATTERN 945 pass[m
[1;32m PATTERN 946 pass[m
[1;32m PATTERN 947 pass[m
[1;32m PATTERN 948 pass[m
[1;32m PATTERN 949 pass[m
[1;32m PATTERN 950 pass[m
[1;32m PATTERN 951 pass[m
[1;32m PATTERN 952 pass[m
[1;32m PATTERN 953 pass[m
[1;32m PATTERN 954 pass[m
[1;32m PATTERN 955 pass[m
[1;32m PATTERN 956 pass[m
[1;32m PATTERN 957 pass[m
[1;32m PATTERN 958 pass[m
[1;32m PATTERN 959 pass[m
[1;32m PATTERN 960 pass[m
[1;32m PATTERN 961 pass[m
[1;32m PATTERN 962 pass[m
[1;32m PATTERN 963 pass[m
[1;32m PATTERN 964 pass[m
[1;32m PATTERN 965 pass[m
[1;32m PATTERN 966 pass[m
[1;32m PATTERN 967 pass[m
[1;32m PATTERN 968 pass[m
[1;32m PATTERN 969 pass[m
[1;32m PATTERN 970 pass[m
[1;32m PATTERN 971 pass[m
[1;32m PATTERN 972 pass[m
[1;32m PATTERN 973 pass[m
[1;32m PATTERN 974 pass[m
[1;32m PATTERN 975 pass[m
[1;32m PATTERN 976 pass[m
[1;32m PATTERN 977 pass[m
[1;32m PATTERN 978 pass[m
[1;32m PATTERN 979 pass[m
[1;32m PATTERN 980 pass[m
[1;32m PATTERN 981 pass[m
[1;32m PATTERN 982 pass[m
[1;32m PATTERN 983 pass[m
[1;32m PATTERN 984 pass[m
[1;32m PATTERN 985 pass[m
[1;32m PATTERN 986 pass[m
[1;32m PATTERN 987 pass[m
[1;32m PATTERN 988 pass[m
[1;32m PATTERN 989 pass[m
[1;32m PATTERN 990 pass[m
[1;32m PATTERN 991 pass[m
[1;32m PATTERN 992 pass[m
[1;32m PATTERN 993 pass[m
[1;32m PATTERN 994 pass[m
[1;32m PATTERN 995 pass[m
[1;32m PATTERN 996 pass[m
[1;32m PATTERN 997 pass[m
[1;32m PATTERN 998 pass[m
[1;32m PATTERN 999 pass[m
[1;32m PATTERN 1000 pass[m
[1;35m ========================================================[m
[1;35m                You have passed this pattern!![m
[1;35m    Raise Hand and register your [DCS001 - DCS155] to TA
[1;35m ========================================================[m
$finish called from file "PATTERN.v", line 81.
$finish at simulation time              3001500
           V C S   S i m u l a t i o n   R e p o r t 
Time: 30015000 ps
CPU Time:      0.360 seconds;       Data structure size:   0.0Mb
Thu Mar 21 17:24:38 2024
CPU time: .508 seconds to compile + .469 seconds to elab + .401 seconds to link + .404 seconds in simulation
