#======================================================
#
# Synopsys Synthesis Scripts (Design Vision dctcl mode)
#
#======================================================
#======================================================
# (A) Global Parameters
#======================================================
set DESIGN "CNN"
CNN
set CYCLE 7.7
7.7
set INPUT_DLY [expr 0.5*$CYCLE]
3.85
set OUTPUT_DLY [expr 0.5*$CYCLE]
3.85
#======================================================
# (B) Read RTL Code
#======================================================
# (B-1) analyze + elaborate
set hdlin_auto_save_templates TRUE
TRUE
analyze -f sverilog $DESIGN\.v 
Running PRESTO HDLC
Compiling source file ../01_RTL/CNN.v
Presto compilation completed successfully.
Loading db file '/RAID2/COURSE/BackUp/2023_Spring/iclab/iclabta01/UMC018_CBDK/CIC/SynopsysDC/db/fsa0m_a_generic_core_ss1p62v125c.db'
Loading db file '/RAID2/COURSE/BackUp/2023_Spring/iclab/iclabta01/UMC018_CBDK/CIC/SynopsysDC/db/fsa0m_a_generic_core_ff1p98vm40c.db'
Loading db file '/RAID2/COURSE/BackUp/2023_Spring/iclab/iclabta01/UMC018_CBDK/CIC/SynopsysDC/db/fsa0m_a_t33_generic_io_ss1p62v125c.db'
Loading db file '/RAID2/COURSE/BackUp/2023_Spring/iclab/iclabta01/UMC018_CBDK/CIC/SynopsysDC/db/fsa0m_a_t33_generic_io_tt1p8v25c.db'
Loading db file '/usr/cad/synopsys/synthesis/cur/libraries/syn/dw_foundation.sldb'
Loading db file '/usr/cad/synopsys/synthesis/cur/libraries/syn/standard.sldb'
1
elaborate $DESIGN  
Loading db file '/usr/cad/synopsys/synthesis/2022.03/libraries/syn/gtech.db'
Loading db file '/usr/cad/synopsys/synthesis/2022.03/libraries/syn/standard.sldb'
  Loading link library 'fsa0m_a_generic_core_ss1p62v125c'
  Loading link library 'fsa0m_a_generic_core_ff1p98vm40c'
  Loading link library 'fsa0m_a_t33_generic_io_ss1p62v125c'
  Loading link library 'fsa0m_a_t33_generic_io_tt1p8v25c'
  Loading link library 'gtech'
Running PRESTO HDLC

Statistics for case statements in always block at line 48 in file
        '../01_RTL/CNN.v'
===============================================
|           Line           |  full/ parallel  |
===============================================
|            49            |    auto/auto     |
===============================================

Inferred memory devices in process
        in routine CNN line 39 in file
                '../01_RTL/CNN.v'.
===============================================================================
|    Register Name    |   Type    | Width | Bus | MB | AR | AS | SR | SS | ST |
===============================================================================
|      state_reg      | Flip-flop |   3   |  Y  | N  | Y  | N  | N  | N  | N  |
===============================================================================

Inferred memory devices in process
        in routine CNN line 89 in file
                '../01_RTL/CNN.v'.
===============================================================================
|    Register Name    |   Type    | Width | Bus | MB | AR | AS | SR | SS | ST |
===============================================================================
|     opt_reg_reg     | Flip-flop |   1   |  N  | N  | N  | N  | N  | N  | N  |
===============================================================================

Inferred memory devices in process
        in routine CNN line 95 in file
                '../01_RTL/CNN.v'.
===============================================================================
|    Register Name    |   Type    | Width | Bus | MB | AR | AS | SR | SS | ST |
===============================================================================
|  ifmap_Buffer_reg   | Flip-flop |  576  |  Y  | N  | N  | N  | N  | N  | N  |
===============================================================================

Inferred memory devices in process
        in routine CNN line 101 in file
                '../01_RTL/CNN.v'.
===============================================================================
|    Register Name    |   Type    | Width | Bus | MB | AR | AS | SR | SS | ST |
===============================================================================
|  kernel_Buffer_reg  | Flip-flop |  144  |  Y  | N  | N  | N  | N  | N  | N  |
===============================================================================

Inferred memory devices in process
        in routine CNN line 110 in file
                '../01_RTL/CNN.v'.
===============================================================================
|    Register Name    |   Type    | Width | Bus | MB | AR | AS | SR | SS | ST |
===============================================================================
|      count_reg      | Flip-flop |   6   |  Y  | N  | Y  | N  | N  | N  | N  |
===============================================================================

Inferred memory devices in process
        in routine CNN line 140 in file
                '../01_RTL/CNN.v'.
===============================================================================
|    Register Name    |   Type    | Width | Bus | MB | AR | AS | SR | SS | ST |
===============================================================================
|   conv_layer_reg    | Flip-flop |  256  |  Y  | N  | N  | N  | N  | N  | N  |
===============================================================================

Inferred memory devices in process
        in routine CNN line 159 in file
                '../01_RTL/CNN.v'.
===============================================================================
|    Register Name    |   Type    | Width | Bus | MB | AR | AS | SR | SS | ST |
===============================================================================
|   relu_layer_reg    | Flip-flop |  256  |  Y  | N  | N  | N  | N  | N  | N  |
===============================================================================

Inferred memory devices in process
        in routine CNN line 198 in file
                '../01_RTL/CNN.v'.
===============================================================================
|    Register Name    |   Type    | Width | Bus | MB | AR | AS | SR | SS | ST |
===============================================================================
|    out_valid_reg    | Flip-flop |   1   |  N  | N  | Y  | N  | N  | N  | N  |
===============================================================================

Inferred memory devices in process
        in routine CNN line 210 in file
                '../01_RTL/CNN.v'.
===============================================================================
|    Register Name    |   Type    | Width | Bus | MB | AR | AS | SR | SS | ST |
===============================================================================
|    out_data_reg     | Flip-flop |  16   |  Y  | N  | Y  | N  | N  | N  | N  |
===============================================================================
Statistics for MUX_OPs
======================================================
| block name/line  | Inputs | Outputs | # sel inputs |
======================================================
|     CNN/215      |   4    |   16    |      2       |
======================================================
Presto compilation completed successfully. (CNN)
Elaborated 1 design.
Current design is now 'CNN'.
1
# (B-2) read_sverilog
#read_sverilog $DESIGN\.v
# (B-3) set current design
current_design $DESIGN
Current design is 'CNN'.
{CNN}
link

  Linking design 'CNN'
  Using the following designs and libraries:
  --------------------------------------------------------------------------
  CNN                         /RAID2/COURSE/DCS/DCS111/Lab06/02_SYN/CNN.db
  fsa0m_a_generic_core_ss1p62v125c (library) /RAID2/COURSE/BackUp/2023_Spring/iclab/iclabta01/UMC018_CBDK/CIC/SynopsysDC/db/fsa0m_a_generic_core_ss1p62v125c.db
  fsa0m_a_generic_core_ff1p98vm40c (library) /RAID2/COURSE/BackUp/2023_Spring/iclab/iclabta01/UMC018_CBDK/CIC/SynopsysDC/db/fsa0m_a_generic_core_ff1p98vm40c.db
  fsa0m_a_t33_generic_io_ss1p62v125c (library) /RAID2/COURSE/BackUp/2023_Spring/iclab/iclabta01/UMC018_CBDK/CIC/SynopsysDC/db/fsa0m_a_t33_generic_io_ss1p62v125c.db
  fsa0m_a_t33_generic_io_tt1p8v25c (library) /RAID2/COURSE/BackUp/2023_Spring/iclab/iclabta01/UMC018_CBDK/CIC/SynopsysDC/db/fsa0m_a_t33_generic_io_tt1p8v25c.db
  dw_foundation.sldb (library) /usr/cad/synopsys/synthesis/cur/libraries/syn/dw_foundation.sldb

1
#======================================================
#  (C) Global Setting
#======================================================
set_wire_load_mode top
1
set_operating_conditions -max WCCOM -min BCCOM
Using operating conditions 'WCCOM' found in library 'fsa0m_a_generic_core_ss1p62v125c'.
Using operating conditions 'BCCOM' found in library 'fsa0m_a_generic_core_ff1p98vm40c'.
1
# set_wire_load_model -name umc18_wl10 -library slow
#======================================================
#  (D) Set Design Constraints
#======================================================
# (D-1) Setting Clock Constraints
create_clock -name clk -period $CYCLE [get_ports clk] 
1
set_dont_touch_network             [get_clocks clk]
1
set_fix_hold                       [get_clocks clk]
1
set_clock_uncertainty       0.1    [get_clocks clk]
1
# set_clock_latency   -source 0      [get_clocks clk]
# set_clock_latency           1      [get_clocks clk] 
set_input_transition        0.5    [all_inputs] 
1
set_clock_transition        0.1    [all_clocks] 
1
# (D-2) Setting in/out Constraints
set_input_delay   -max  $INPUT_DLY  -clock clk   [all_inputs] ;  # set_up time check 
1
set_input_delay   -min  0           -clock clk   [all_inputs] ;  # hold   time check 
1
set_output_delay  -max  $OUTPUT_DLY -clock clk   [all_outputs] ; # set_up time check 
1
set_output_delay  -min  0           -clock clk   [all_outputs] ; # hold   time check 
1
set_input_delay 0 -clock clk clk
1
set_input_delay 0 -clock clk rst_n
1
#set_max_delay $CYCLE -from [all_inputs] -to [all_outputs]
# (D-3) Setting Design Environment
# set_driving_cell -library umc18io3v5v_slow -lib_cell P2C    -pin {Y}  [get_ports clk]
# set_driving_cell -library umc18io3v5v_slow -lib_cell P2C    -pin {Y}  [remove_from_collection [all_inputs] [get_ports clk]]
# set_load  [load_of "umc18io3v5v_slow/P8C/A"]       [all_outputs] ; # ~= 0.038
set_load 0.05 [all_outputs]
1
# (D-4) Setting DRC Constraint
#set_max_delay           0     ; # Optimize delay max effort                 
#set_max_area            0      ; # Optimize area max effort           
set_max_transition      3       [all_inputs]   ; # U18 LUT Max Transition Value  
1
set_max_capacitance     0.15    [all_inputs]   ; # U18 LUT Max Capacitance Value
1
set_max_fanout          10      [all_inputs]
1
# set_dont_use slow/JKFF*
#set_dont_touch [get_cells core_reg_macro]
#set hdlin_ff_always_sync_set_reset true
# (D-5) Report Clock skew
report_clock -skew clk
Information: Checking out the license 'DesignWare'. (SEC-104)
  Allocating blocks in 'DW_div_uns_a_width6_b_width3'
  Allocating blocks in 'DW_div_a_width6_b_width3_tc_mode0_rem_mode1'
Information: Changed wire load model for 'alt1' from '(none)' to 'G5K'. (OPT-170)
Information: Changed wire load model for 'pparch' from '(none)' to 'G5K'. (OPT-170)
Information: Changed wire load model for 'alt1' from '(none)' to 'G5K'. (OPT-170)
Information: Changed wire load model for 'pparch' from '(none)' to 'G5K'. (OPT-170)
Information: Changed wire load model for 'alt1' from '(none)' to 'G5K'. (OPT-170)
Information: Changed wire load model for 'pparch' from '(none)' to 'G5K'. (OPT-170)
Warning: Design 'DW_div_uns_a_width6_b_width3' inherited license information from design 'DW_div_a_width6_b_width3_tc_mode0_rem_mode1'. (DDB-74)
Information: Changed wire load model for 'alt1' from '(none)' to 'G5K'. (OPT-170)
Information: Changed wire load model for 'apparch' from '(none)' to 'G5K'. (OPT-170)
Information: Updating design information... (UID-85)
Warning: Design 'CNN' contains 2 high-fanout nets. A fanout number of 1000 will be used for delay calculations involving these nets. (TIM-134)
 
****************************************
Report : clock_skew
Design : CNN
Version: T-2022.03
Date   : Sun Apr 28 04:30:09 2024
****************************************

                 Rise      Fall  Min Rise  Min fall        Uncertainty
Object          Delay     Delay     Delay     Delay     Plus      Minus
--------------------------------------------------------------------------------
clk                 -         -         -         -      0.10      0.10

                 Max Transition      Min Transition
Object           Rise      Fall      Rise      Fall
-------------------------------------------------------
clk              0.10      0.10      0.10      0.10
1
check_timing

Information: Checking generated_clocks...

Information: Checking loops...

Information: Checking no_input_delay...

Information: Checking unconstrained_endpoints...

Information: Checking pulse_clock_cell_type...

Information: Checking no_driving_cell...

Information: Checking partial_input_delay...
1
#======================================================
#  (E) Optimization
#======================================================
check_design > Report/$DESIGN\.check
set_fix_multiple_port_nets -all -buffer_constants [get_designs *]
1
set_fix_hold [all_clocks]
1
compile_ultra
Information: Performing power optimization. (PWR-850)
Analyzing: "/RAID2/COURSE/BackUp/2023_Spring/iclab/iclabta01/UMC018_CBDK/CIC/SynopsysDC/db/fsa0m_a_t33_generic_io_ss1p62v125c.db"
Analyzing: "/RAID2/COURSE/BackUp/2023_Spring/iclab/iclabta01/UMC018_CBDK/CIC/SynopsysDC/db/fsa0m_a_t33_generic_io_tt1p8v25c.db"
Analyzing: "/RAID2/COURSE/BackUp/2023_Spring/iclab/iclabta01/UMC018_CBDK/CIC/SynopsysDC/db/fsa0m_a_generic_core_ss1p62v125c.db"
Analyzing: "/RAID2/COURSE/BackUp/2023_Spring/iclab/iclabta01/UMC018_CBDK/CIC/SynopsysDC/db/fsa0m_a_generic_core_ff1p98vm40c.db"
Library analysis succeeded.
Information: Running optimization using a maximum of 8 cores. (OPT-1500)
Information: Evaluating DesignWare library utilization. (UISN-27)

============================================================================
| DesignWare Building Block Library  |         Version         | Available |
============================================================================
| Basic DW Building Blocks           | S-2021.06-DWBB_202106.0 |     *     |
| Licensed DW Building Blocks        | S-2021.06-DWBB_202106.0 |     *     |
============================================================================

====================================================================================================
| Flow Information                                                                                 |
----------------------------------------------------------------------------------------------------
| Flow         | Design Compiler NXT WLM                                                           |
| Comand line  | compile_ultra                                                                     |
====================================================================================================
| Design Information                                      | Value                                  |
====================================================================================================
| Number of Scenarios                                     | 0                                      |
| Leaf Cell Count                                         | 3046                                   |
| Number of User Hierarchies                              | 0                                      |
| Sequential Cell Count                                   | 1259                                   |
| Macro Count                                             | 0                                      |
| Number of Power Domains                                 | 0                                      |
| Number of Path Groups                                   | 2                                      |
| Number of VT class                                      | 0                                      |
| Number of Clocks                                        | 1                                      |
| Number of Dont Touch cells                              | 226                                    |
| Number of Dont Touch nets                               | 1                                      |
| Number of size only cells                               | 0                                      |
| Design with UPF Data                                    | false                                  |
----------------------------------------------------------------------------------------------------
| Variables                                               | Value                                  |
----------------------------------------------------------------------------------------------------
| set_fix_multiple_port_nets                              | -all -buffer_constants                 |
====================================================================================================
Information: Sequential output inversion is enabled.  SVF file must be used for formal verification. (OPT-1208)

Information: There are 5 potential problems in your design. Please run 'check_design' for more information. (LINT-99)

  Simplifying Design 'CNN'

  Loading target library 'fsa0m_a_generic_core_ff1p98vm40c'
  Loading target library 'fsa0m_a_t33_generic_io_ss1p62v125c'
  Loading target library 'fsa0m_a_t33_generic_io_tt1p8v25c'
Loaded alib file './alib-52/fsa0m_a_generic_core_ss1p62v125c.db.alib'
Loaded alib file './alib-52/fsa0m_a_generic_core_ff1p98vm40c.db.alib'
Loaded alib file './alib-52/fsa0m_a_t33_generic_io_ss1p62v125c.db.alib' (placeholder)
Loaded alib file './alib-52/fsa0m_a_t33_generic_io_tt1p8v25c.db.alib' (placeholder)
Warning: Operating condition WCCOM set on design CNN has different process,
voltage and temperatures parameters than the parameters at which target library 
fsa0m_a_generic_core_ff1p98vm40c is characterized. Delays may be inaccurate as a result. (OPT-998)
  Building model 'DW01_NAND2'
Information: Ungrouping 0 of 1 hierarchies before Pass 1 (OPT-775)
Information: State dependent leakage is now switched from on to off.

  Beginning Pass 1 Mapping
  ------------------------
  Processing 'CNN'
Information: Added key list 'DesignWare' to design 'CNN'. (DDB-72)
Information: The register 'state_reg[2]' is a constant and will be removed. (OPT-1206)
 Implement Synthetic for 'CNN'.
  Processing 'CNN_DW_div_uns_J1_0'
  Processing 'CNN_DW_div_uns_J1_1'

  Updating timing information
Information: Updating design information... (UID-85)
Information: The library cell 'TIE1' in the library 'fsa0m_a_generic_core_ss1p62v125c' is not characterized for internal power. (PWR-536)
Information: The library cell 'TIE0' in the library 'fsa0m_a_generic_core_ss1p62v125c' is not characterized for internal power. (PWR-536)
Information: The library cell 'BHD1' in the library 'fsa0m_a_generic_core_ss1p62v125c' is not characterized for internal power. (PWR-536)
Information: The target library(s) contains cell(s), other than black boxes, that are not characterized for internal power. (PWR-24)

  Beginning Mapping Optimizations  (Ultra High effort)
  -------------------------------
  Mapping Optimization (Phase 1)
  Mapping Optimization (Phase 2)

                                  TOTAL                                                            
   ELAPSED            WORST NEG   SETUP    DESIGN                              LEAKAGE   MIN DELAY 
    TIME      AREA      SLACK     COST    RULE COST         ENDPOINT            POWER      COST    
  --------- --------- --------- --------- --------- ------------------------- --------- -----------
    0:00:58  418904.4      1.42     183.2     567.1                           32196288.0000      0.00  
    0:00:58  418482.6      1.69     226.7     567.1                           32159418.0000      0.00  

  Beginning Constant Register Removal
  -----------------------------------
    0:00:59  418482.6      1.69     226.7     567.1                           32159418.0000      0.00  
    0:00:59  418482.6      1.69     226.7     567.1                           32159418.0000      0.00  

  Beginning Global Optimizations
  ------------------------------
  Numerical Synthesis (Phase 1)
  Numerical Synthesis (Phase 2)
  Global Optimization (Phase 1)
  Global Optimization (Phase 2)
  Global Optimization (Phase 3)
  Global Optimization (Phase 4)
  Global Optimization (Phase 5)
  Global Optimization (Phase 6)
  Global Optimization (Phase 7)
  Global Optimization (Phase 8)
  Global Optimization (Phase 9)
  Global Optimization (Phase 10)
  Global Optimization (Phase 11)
  Global Optimization (Phase 12)
  Global Optimization (Phase 13)
  Global Optimization (Phase 14)
  Global Optimization (Phase 15)
  Global Optimization (Phase 16)
  Global Optimization (Phase 17)
  Global Optimization (Phase 18)
  Global Optimization (Phase 19)
  Global Optimization (Phase 20)
  Global Optimization (Phase 21)
  Global Optimization (Phase 22)
  Global Optimization (Phase 23)
  Global Optimization (Phase 24)
  Global Optimization (Phase 25)
  Global Optimization (Phase 26)
  Global Optimization (Phase 27)
  Global Optimization (Phase 28)
  Global Optimization (Phase 29)
  Global Optimization (Phase 30)
  Global Optimization (Phase 31)
  Mapping 'CNN_DP_OP_1761J1_122_2977_4'

  Beginning Isolate Ports
  -----------------------

  Beginning Delay Optimization
  ----------------------------
    0:01:03  241959.5      1.82     194.0       0.0                           16280692.0000      0.00  
    0:01:06  259830.2      0.87     101.0       0.0                           17891834.0000      0.00  
    0:01:06  259830.2      0.87     101.0       0.0                           17891834.0000      0.00  
    0:01:07  258505.3      0.87     100.9       0.0                           17839006.0000      0.00  
    0:01:10  253561.9      1.34     132.3       0.0                           17625218.0000      0.00  
    0:01:10  253527.5      1.34     141.6       0.0                           17622882.0000      0.00  

  Beginning WLM Backend Optimization
  --------------------------------------
    0:01:13  248140.4      1.30     137.6       0.0                           17156522.0000      0.00  
    0:01:13  248174.7      1.07     119.6       0.0                           17158652.0000      0.00  
    0:01:13  248174.7      1.07     119.6       0.0                           17158652.0000      0.00  
    0:01:14  248256.0      1.07     118.1       0.0                           17133854.0000      0.00  
    0:01:14  248256.0      1.07     118.1       0.0                           17133854.0000      0.00  
    0:01:21  260761.4      0.68      74.5       0.0                           18211180.0000      0.00  
    0:01:21  260761.4      0.68      74.5       0.0                           18211180.0000      0.00  
    0:01:22  266101.7      0.56      60.6       0.0                           18616022.0000      0.00  
    0:01:22  266101.7      0.56      60.6       0.0                           18616022.0000      0.00  
    0:01:29  279660.2      0.44      42.9       0.0                           19716818.0000      0.00  
    0:01:29  279660.2      0.44      42.9       0.0                           19716818.0000      0.00  
    0:01:36  303380.6      0.00       0.0       0.0                           21813032.0000      0.00  
    0:01:36  303380.6      0.00       0.0       0.0                           21813032.0000      0.00  
    0:01:36  303380.6      0.00       0.0       0.0                           21813032.0000      0.00  
    0:01:36  303380.6      0.00       0.0       0.0                           21813032.0000      0.00  
    0:01:36  303380.6      0.00       0.0       0.0                           21813032.0000      0.00  
    0:01:36  303380.6      0.00       0.0       0.0                           21813032.0000      0.00  
    0:01:36  303380.6      0.00       0.0       0.0                           21813032.0000      0.00  
    0:01:36  303380.6      0.00       0.0       0.0                           21813032.0000      0.00  
    0:01:36  303380.6      0.00       0.0       0.0                           21813032.0000      0.00  
    0:01:36  303380.6      0.00       0.0       0.0                           21813032.0000      0.00  
    0:01:36  303380.6      0.00       0.0       0.0                           21813032.0000      0.00  
    0:01:36  303380.6      0.00       0.0       0.0                           21813032.0000      0.00  
    0:01:36  303380.6      0.00       0.0       0.0                           21813032.0000      0.00  


  Beginning Leakage Power Optimization  (max_leakage_power 0)
  ------------------------------------

                                  TOTAL                                                            
   ELAPSED            WORST NEG   SETUP    DESIGN                              LEAKAGE   MIN DELAY 
    TIME      AREA      SLACK     COST    RULE COST         ENDPOINT            POWER      COST    
  --------- --------- --------- --------- --------- ------------------------- --------- -----------
    0:01:36  303380.6      0.29      19.0       0.0                           21813032.0000      0.00  
  Global Optimization (Phase 32)
  Global Optimization (Phase 33)
  Global Optimization (Phase 34)
  Global Optimization (Phase 35)
  Global Optimization (Phase 36)
  Global Optimization (Phase 37)
  Global Optimization (Phase 38)
  Global Optimization (Phase 39)
  Global Optimization (Phase 40)
  Global Optimization (Phase 41)
  Global Optimization (Phase 42)
  Global Optimization (Phase 43)
  Global Optimization (Phase 44)
  Global Optimization (Phase 45)
  Global Optimization (Phase 46)
  Global Optimization (Phase 47)
    0:01:41  284113.1      0.17      17.3       0.0                           20086888.0000      0.00  
    0:01:54  298340.3      0.12       9.1       0.8                           21332108.0000      0.00  
    0:01:54  298340.3      0.12       9.1       0.8                           21332108.0000      0.00  
    0:01:55  287069.1      0.11       6.2       0.8                           20293130.0000      0.00  
    0:01:55  287069.1      0.11       6.2       0.8                           20293130.0000      0.00  
    0:02:08  301508.8      0.04       1.4      17.0                           21633444.0000      0.00  
    0:02:08  301508.8      0.04       1.4      17.0                           21633444.0000      0.00  
    0:02:08  304961.7      0.01       0.0      32.0                           21963260.0000      0.00  
    0:02:08  304961.7      0.01       0.0      32.0                           21963260.0000      0.00  
    0:02:13  307495.9      0.00       0.0      32.0                           22181640.0000      0.00  
    0:02:13  307495.9      0.00       0.0      32.0                           22181640.0000      0.00  
    0:02:13  307495.9      0.00       0.0      32.0                           22181640.0000      0.00  
    0:02:13  307495.9      0.00       0.0      32.0                           22181640.0000      0.00  
    0:02:13  307495.9      0.00       0.0      32.0                           22181640.0000      0.00  
    0:02:13  307495.9      0.00       0.0      32.0                           22181640.0000      0.00  
    0:02:13  307495.9      0.00       0.0      32.0                           22181640.0000      0.00  
    0:02:13  307495.9      0.00       0.0      32.0                           22181640.0000      0.00  
    0:02:13  307495.9      0.00       0.0      32.0                           22181640.0000      0.00  
    0:02:13  307495.9      0.00       0.0      32.0                           22181640.0000      0.00  
    0:02:13  307495.9      0.00       0.0      32.0                           22181640.0000      0.00  
    0:02:13  307495.9      0.00       0.0      32.0                           22181640.0000      0.00  
    0:02:13  307495.9      0.00       0.0      32.0                           22181640.0000      0.00  

                                  TOTAL                                                            
   ELAPSED            WORST NEG   SETUP    DESIGN                              LEAKAGE   MIN DELAY 
    TIME      AREA      SLACK     COST    RULE COST         ENDPOINT            POWER      COST    
  --------- --------- --------- --------- --------- ------------------------- --------- -----------
    0:02:13  307483.4      0.00       0.0      32.0                           22180864.0000      0.00  
    0:02:14  296559.1      0.00       0.0      32.0                           21118692.0000      0.00  
    0:02:14  296559.1      0.00       0.0      32.0                           21118692.0000      0.00  
    0:02:14  296559.1      0.00       0.0      32.0                           21118692.0000      0.00  
    0:02:15  285819.2      0.00       0.0       8.2                           20268384.0000      0.00  
    0:02:17  282985.0      0.00       0.0       0.0                           20070078.0000      0.00  
    0:02:17  282985.0      0.00       0.0       0.0                           20070078.0000      0.00  
    0:02:17  282985.0      0.00       0.0       0.0                           20070078.0000      0.00  
    0:02:17  282985.0      0.00       0.0       0.0                           20070078.0000      0.00  
    0:02:17  282985.0      0.00       0.0       0.0                           20070078.0000      0.00  
    0:02:17  282985.0      0.00       0.0       0.0                           20070078.0000      0.00  
    0:02:20  273607.5      0.00       0.0       0.0                           19256042.0000      0.00  
Loading db file '/RAID2/COURSE/BackUp/2023_Spring/iclab/iclabta01/UMC018_CBDK/CIC/SynopsysDC/db/fsa0m_a_generic_core_ss1p62v125c.db'
Loading db file '/RAID2/COURSE/BackUp/2023_Spring/iclab/iclabta01/UMC018_CBDK/CIC/SynopsysDC/db/fsa0m_a_generic_core_ff1p98vm40c.db'
Loading db file '/RAID2/COURSE/BackUp/2023_Spring/iclab/iclabta01/UMC018_CBDK/CIC/SynopsysDC/db/fsa0m_a_t33_generic_io_ss1p62v125c.db'
Loading db file '/RAID2/COURSE/BackUp/2023_Spring/iclab/iclabta01/UMC018_CBDK/CIC/SynopsysDC/db/fsa0m_a_t33_generic_io_tt1p8v25c.db'


Note: Symbol # after min delay cost means estimated hold TNS across all active scenarios 


  Optimization Complete
  ---------------------
Warning: Design 'CNN' contains 1 high-fanout nets. A fanout number of 1000 will be used for delay calculations involving these nets. (TIM-134)
     Net 'clk': 1258 load(s), 1 driver(s)
  Loading target library 'fsa0m_a_generic_core_ff1p98vm40c'
  Loading target library 'fsa0m_a_t33_generic_io_ss1p62v125c'
  Loading target library 'fsa0m_a_t33_generic_io_tt1p8v25c'
Information: State dependent leakage is now switched from off to on.
Information: Propagating switching activity (low effort zero delay simulation). (PWR-6)
1
#uniquify
#compile
#======================================================
#  (F) Output Reports 
#======================================================
report_design  >  Report/$DESIGN\.design
report_resource >  Report/$DESIGN\.resource
report_timing -max_paths 3 >  Report/$DESIGN\.timing
report_area >  Report/$DESIGN\.area
report_power > Report/$DESIGN\.power
report_clock > Report/$DESIGN\.clock
report_port >  Report/$DESIGN\.port
report_power >  Report/$DESIGN\.power
#report_reference > Report/$DESIGN\.reference
#======================================================
#  (G) Change Naming Rule
#======================================================
set bus_inference_style "%s\[%d\]"
%s[%d]
set bus_naming_style "%s\[%d\]"
%s[%d]
set hdlout_internal_busses true
true
change_names -hierarchy -rule verilog
1
define_name_rules name_rule -allowed "a-z A-Z 0-9 _" -max_length 255 -type cell
1
define_name_rules name_rule -allowed "a-z A-Z 0-9 _[]" -max_length 255 -type net
1
define_name_rules name_rule -map {{"\\*cell\\*" "cell"}}
1
define_name_rules name_rule -case_insensitive
1
change_names -hierarchy -rules name_rule
1
#======================================================
#  (H) Output Results
#======================================================
set verilogout_higher_designs_first true
true
write -format verilog -output Netlist/$DESIGN\_SYN.v -hierarchy
Writing verilog file '/RAID2/COURSE/DCS/DCS111/Lab06/02_SYN/Netlist/CNN_SYN.v'.
1
write -format ddc     -hierarchy -output $DESIGN\_SYN.ddc
Writing ddc file 'CNN_SYN.ddc'.
1
write_sdf -version 3.0 -context verilog -load_delay cell Netlist/$DESIGN\_SYN.sdf -significant_digits 6
Information: Writing timing information to file '/RAID2/COURSE/DCS/DCS111/Lab06/02_SYN/Netlist/CNN_SYN.sdf'. (WT-3)
Information: Updating design information... (UID-85)
Warning: Design 'CNN' contains 1 high-fanout nets. A fanout number of 1000 will be used for delay calculations involving these nets. (TIM-134)
1
write_sdc Netlist/$DESIGN\_SYN.sdc
1
#======================================================
#  (I) Finish and Quit
#======================================================
report_area -designware -hierarchy
 
****************************************
Report : area
Design : CNN
Version: T-2022.03
Date   : Sun Apr 28 04:35:54 2024
****************************************

Library(s) Used:

    fsa0m_a_generic_core_ss1p62v125c (File: /RAID2/COURSE/BackUp/2023_Spring/iclab/iclabta01/UMC018_CBDK/CIC/SynopsysDC/db/fsa0m_a_generic_core_ss1p62v125c.db)

Number of ports:                           37
Number of nets:                         10057
Number of cells:                         9650
Number of combinational cells:           8392
Number of sequential cells:              1258
Number of macros/black boxes:               0
Number of buf/inv:                       1253
Number of references:                     136

Combinational area:             203327.611720
Buf/Inv area:                    14411.577574
Noncombinational area:           70279.876892
Macro/Black Box area:                0.000000
Net Interconnect area:      undefined  (Wire load has zero net area)

Total cell area:                273607.488612
Total area:                 undefined

Hierarchical area distribution
------------------------------

                                  Global cell area              Local cell area
                                  --------------------  ------------------------------- 
Hierarchical cell                 Absolute     Percent  Combi-       Noncombi-   Black-
                                  Total        Total    national     national    boxes   Design
--------------------------------  -----------  -------  -----------  ----------  ------  ---------
CNN                               273607.4886    100.0  203327.6117  70279.8769  0.0000  CNN
--------------------------------  -----------  -------  -----------  ----------  ------  ---------
Total                                                   203327.6117  70279.8769  0.0000


Area of detected synthetic parts
--------------------------------
  No DW parts to report!

Estimated area of ungrouped synthetic parts
-------------------------------------------
                                          Estimated  Perc. of
  Module                Implem.  Count         Area cell area
  --------------------- -------  ----- ------------ ---------
  DP_OP_1761J1_122_2977     str      1   93016.3203     34.0%
  DW01_add              apparch      2      71.2454      0.0%
  DW01_inc              apparch      3     217.4861      0.1%
  DW01_sub              apparch      1     115.6176      0.0%
  DW_cmp                apparch     15    8068.2316      2.9%
  DW_div_uns                cla      2     843.6960      0.3%
  --------------------- -------  ----- ------------ ---------
  DP_OP Subtotal:                    1   93016.3203     34.0%
  Total:                            24  102332.5970     37.4%

Subtotal of datapath(DP_OP) cell area:  93016.3203  34.0%  (estimated)
Total synthetic cell area:              102332.5970  37.4%  (estimated)

1
report_timing 
 
****************************************
Report : timing
        -path full
        -delay max
        -max_paths 1
Design : CNN
Version: T-2022.03
Date   : Sun Apr 28 04:35:55 2024
****************************************

 # A fanout number of 1000 was used for high fanout net computations.

Operating Conditions: WCCOM   Library: fsa0m_a_generic_core_ss1p62v125c
Wire Load Model Mode: top

  Startpoint: count_reg_3_
              (rising edge-triggered flip-flop clocked by clk)
  Endpoint: conv_layer_reg_9__15_
            (rising edge-triggered flip-flop clocked by clk)
  Path Group: clk
  Path Type: max

  Des/Clust/Port     Wire Load Model       Library
  ------------------------------------------------
  CNN                enG50K                fsa0m_a_generic_core_ss1p62v125c

  Point                                    Incr       Path
  -----------------------------------------------------------
  clock clk (rise edge)                    0.00       0.00
  clock network delay (ideal)              0.00       0.00
  count_reg_3_/CK (QDFFRBT)                0.00 #     0.00 r
  count_reg_3_/Q (QDFFRBT)                 0.54       0.54 f
  U9278/O (BUF6)                           0.23       0.76 f
  U9118/O (BUF8CK)                         0.18       0.94 f
  U5993/O (ND2F)                           0.19       1.13 r
  U4587/O (OR2P)                           0.23       1.36 r
  U5582/O (INV4)                           0.12       1.48 f
  U5116/O (ND2P)                           0.10       1.58 r
  U6415/O (ND2)                            0.14       1.72 f
  U6414/O (NR2P)                           0.15       1.87 r
  U6413/O (ND3P)                           0.12       1.99 f
  U4851/O (NR2P)                           0.18       2.17 r
  U6418/O (ND3HT)                          0.17       2.34 f
  U7175/O (BUF6CK)                         0.22       2.55 f
  U4316/O (XNR2HS)                         0.21       2.76 f
  U10628/O (OAI22S)                        0.38       3.14 r
  U10816/S (FA1)                           0.69       3.83 r
  U5940/O (INV2)                           0.07       3.90 f
  U7008/O (MOAI1H)                         0.26       4.16 r
  U5237/O (XNR2HS)                         0.26       4.41 r
  U9028/O (XNR2H)                          0.30       4.71 r
  U4030/O (NR2T)                           0.14       4.85 f
  U6997/O (MOAI1HP)                        0.24       5.08 r
  U5198/O (ND2P)                           0.11       5.19 f
  U5193/O (INV3)                           0.11       5.31 r
  U6992/O (NR2F)                           0.10       5.41 f
  U5183/O (INV8)                           0.10       5.50 r
  U4669/O (ND2P)                           0.15       5.65 f
  U7006/O (ND2T)                           0.12       5.77 r
  U7302/O (ND3HT)                          0.13       5.90 f
  U5180/O (OAI12HP)                        0.11       6.01 r
  U7301/O (INV3)                           0.09       6.10 f
  U7297/O (MOAI1HT)                        0.14       6.23 r
  U9112/O (XNR2HP)                         0.17       6.40 r
  U5926/O (XNR2HT)                         0.18       6.58 r
  U6318/O (XOR2HT)                         0.18       6.76 r
  U5176/O (XOR2HP)                         0.22       6.98 r
  U6650/OB (MXL2HT)                        0.15       7.13 f
  U6816/O (INV12)                          0.16       7.29 r
  U6823/OB (MXL2HS)                        0.15       7.44 f
  conv_layer_reg_9__15_/D (QDFFN)          0.00       7.44 f
  data arrival time                                   7.44

  clock clk (rise edge)                    7.70       7.70
  clock network delay (ideal)              0.00       7.70
  clock uncertainty                       -0.10       7.60
  conv_layer_reg_9__15_/CK (QDFFN)         0.00       7.60 r
  library setup time                      -0.16       7.44
  data required time                                  7.44
  -----------------------------------------------------------
  data required time                                  7.44
  data arrival time                                  -7.44
  -----------------------------------------------------------
  slack (MET)                                         0.00


1
exit

Memory usage for this session 476 Mbytes.
Memory usage for this session including child processes 938 Mbytes.
CPU usage for this session 782 seconds ( 0.22 hours ).
Elapsed time for this session 354 seconds ( 0.10 hours ).

Thank you...

