Command: vcs -timescale=1ns/1fs -j8 -sverilog +v2k -full64 -Mupdate -R -debug_access+all \
-y /usr/cad/synopsys/synthesis/cur/dw/sim_ver/ +libext+.v -f filelist.f -o simv -l \
vcs.log -P /usr/cad/synopsys/verdi/2019.06//share/PLI/VCS/linux64/novas.tab /usr/cad/synopsys/verdi/2019.06//share/PLI/VCS/linux64/pli.a \
-v /RAID2/COURSE/BackUp/2023_Spring/iclab/iclabta01/UMC018_CBDK/CIC/Verilog/fsa0m_a_generic_core_30.lib.src \
+define+GATE +neg_tchk +nowarnNTCDSN
*** Using c compiler gcc instead of cc ...
                         Chronologic VCS (TM)
         Version T-2022.06_Full64 -- Mon May 13 23:02:30 2024

                    Copyright (c) 1991 - 2022 Synopsys, Inc.
   This software and the associated documentation are proprietary to Synopsys,
 Inc. This software may only be used in accordance with the terms and conditions
 of a written license agreement with Synopsys, Inc. All other use, reproduction,
   or distribution of this software is strictly prohibited.  Licensed Products
     communicate with Synopsys servers for the purpose of providing software
    updates, detecting software piracy and verifying that customers are using
    Licensed Products in conformity with the applicable License Key for such
  Licensed Products. Synopsys will use information gathered in connection with
    this process to deliver software updates and pursue software pirates and
                                   infringers.

 Inclusivity & Diversity - Visit SolvNetPlus to read the "Synopsys Statement on
            Inclusivity and Diversity" (Refer to article 000036315 at
                        https://solvnetplus.synopsys.com)

Parsing design file 'TESTBED.v'
Parsing included file 'PATTERN.v'.
Back to file 'TESTBED.v'.
Parsing included file 'huffman_SYN.v'.
Back to file 'TESTBED.v'.
Parsing included file 'sort.v'.
Back to file 'TESTBED.v'.
Parsing library file '/RAID2/COURSE/BackUp/2023_Spring/iclab/iclabta01/UMC018_CBDK/CIC/Verilog/fsa0m_a_generic_core_30.lib.src'
Top Level Modules:
       TESTBED
TimeScale is 10 ps / 1 ps

Warning-[TFIPC] Too few instance port connections
huffman_SYN.v, 321
huffman, "DFFS a3_reg_2_( .D (n1251),  .CK (clk),  .Q (a3[2]));"
  The above instance has fewer port connections than the module definition.
  Please use '+lint=TFIPC-L' to print out detailed information of unconnected 
  ports.


Warning-[TFIPC] Too few instance port connections
huffman_SYN.v, 322
huffman, "DFFS a3_reg_6_( .D (n1247),  .CK (clk),  .Q (a3[6]));"
  The above instance has fewer port connections than the module definition.
  Please use '+lint=TFIPC-L' to print out detailed information of unconnected 
  ports.


Warning-[TFIPC] Too few instance port connections
huffman_SYN.v, 323
huffman, "DFFS buffer_gray_date_reg_7_( .D (n1325),  .CK (clk),  .Q (buffer_gray_date[7]));"
  The above instance has fewer port connections than the module definition.
  Please use '+lint=TFIPC-L' to print out detailed information of unconnected 
  ports.


Warning-[TFIPC] Too few instance port connections
huffman_SYN.v, 330
huffman, "DFFS ID_reg_1__2_( .D (n931),  .CK (clk),  .Q (ID[10]));"
  The above instance has fewer port connections than the module definition.
  Please use '+lint=TFIPC-L' to print out detailed information of unconnected 
  ports.


Warning-[TFIPC] Too few instance port connections
huffman_SYN.v, 331
huffman, "DFFS Pointer_reg_1__5_( .D (n1024),  .CK (clk),  .Q (Pointer[13]));"
  The above instance has fewer port connections than the module definition.
  Please use '+lint=TFIPC-L' to print out detailed information of unconnected 
  ports.


Warning-[TFIPC] Too few instance port connections
huffman_SYN.v, 333
huffman, "DFFS Pointer_reg_0__7_( .D (n1030),  .CK (clk),  .Q (Pointer[7]));"
  The above instance has fewer port connections than the module definition.
  Please use '+lint=TFIPC-L' to print out detailed information of unconnected 
  ports.


Warning-[TFIPC] Too few instance port connections
huffman_SYN.v, 509
huffman, "DFFS a1_reg_0_( .D (n1189),  .CK (clk),  .Q (a1[0]));"
  The above instance has fewer port connections than the module definition.
  Please use '+lint=TFIPC-L' to print out detailed information of unconnected 
  ports.


Warning-[TFIPC] Too few instance port connections
huffman_SYN.v, 510
huffman, "DFFS a3_reg_0_( .D (n1253),  .CK (clk),  .Q (a3[0]));"
  The above instance has fewer port connections than the module definition.
  Please use '+lint=TFIPC-L' to print out detailed information of unconnected 
  ports.


Warning-[TFIPC] Too few instance port connections
huffman_SYN.v, 511
huffman, "DFFS a4_reg_0_( .D (n1285),  .CK (clk),  .Q (a4[0]));"
  The above instance has fewer port connections than the module definition.
  Please use '+lint=TFIPC-L' to print out detailed information of unconnected 
  ports.


Warning-[TFIPC] Too few instance port connections
huffman_SYN.v, 515
huffman, "DFFS a5_reg_7_( .D (n1310),  .CK (clk),  .QB (n2273));"
  The above instance has fewer port connections than the module definition.
  Please use '+lint=TFIPC-L' to print out detailed information of unconnected 
  ports.


Warning-[TFIPC] Too few instance port connections
huffman_SYN.v, 523
huffman, "DFFS a2_reg_6_( .D (n1215),  .CK (clk),  .Q (a2[6]));"
  The above instance has fewer port connections than the module definition.
  Please use '+lint=TFIPC-L' to print out detailed information of unconnected 
  ports.


Warning-[TFIPC] Too few instance port connections
huffman_SYN.v, 524
huffman, "DFFS a2_reg_4_( .D (n1217),  .CK (clk),  .Q (a2[4]));"
  The above instance has fewer port connections than the module definition.
  Please use '+lint=TFIPC-L' to print out detailed information of unconnected 
  ports.


Warning-[TFIPC] Too few instance port connections
huffman_SYN.v, 525
huffman, "DFFS a0_reg_6_( .D (n1151),  .CK (clk),  .Q (a0[6]));"
  The above instance has fewer port connections than the module definition.
  Please use '+lint=TFIPC-L' to print out detailed information of unconnected 
  ports.


Warning-[TFIPC] Too few instance port connections
huffman_SYN.v, 526
huffman, "DFFS a0_reg_4_( .D (n1153),  .CK (clk),  .Q (a0[4]));"
  The above instance has fewer port connections than the module definition.
  Please use '+lint=TFIPC-L' to print out detailed information of unconnected 
  ports.


Warning-[TFIPC] Too few instance port connections
huffman_SYN.v, 527
huffman, "DFFS a5_reg_6_( .D (n1311),  .CK (clk),  .Q (a5[6]));"
  The above instance has fewer port connections than the module definition.
  Please use '+lint=TFIPC-L' to print out detailed information of unconnected 
  ports.


Warning-[TFIPC] Too few instance port connections
huffman_SYN.v, 528
huffman, "DFFS a5_reg_4_( .D (n1313),  .CK (clk),  .Q (a5[4]));"
  The above instance has fewer port connections than the module definition.
  Please use '+lint=TFIPC-L' to print out detailed information of unconnected 
  ports.


Warning-[TFIPC] Too few instance port connections
huffman_SYN.v, 529
huffman, "DFFS a2_reg_0_( .D (n1221),  .CK (clk),  .Q (a2[0]));"
  The above instance has fewer port connections than the module definition.
  Please use '+lint=TFIPC-L' to print out detailed information of unconnected 
  ports.


Warning-[TFIPC] Too few instance port connections
huffman_SYN.v, 530
huffman, "DFFS a0_reg_0_( .D (n1157),  .CK (clk),  .Q (a0[0]));"
  The above instance has fewer port connections than the module definition.
  Please use '+lint=TFIPC-L' to print out detailed information of unconnected 
  ports.


Warning-[TFIPC] Too few instance port connections
huffman_SYN.v, 531
huffman, "DFFS a5_reg_0_( .D (n1317),  .CK (clk),  .Q (a5[0]));"
  The above instance has fewer port connections than the module definition.
  Please use '+lint=TFIPC-L' to print out detailed information of unconnected 
  ports.


Warning-[TFIPC] Too few instance port connections
huffman_SYN.v, 533
huffman, "DFFS a1_reg_2_( .D (n1187),  .CK (clk),  .Q (a1[2]));"
  The above instance has fewer port connections than the module definition.
  Please use '+lint=TFIPC-L' to print out detailed information of unconnected 
  ports.


Warning-[TFIPC] Too few instance port connections
huffman_SYN.v, 542
huffman, "DFFS a4_reg_2_( .D (n1283),  .CK (clk),  .Q (a4[2]));"
  The above instance has fewer port connections than the module definition.
  Please use '+lint=TFIPC-L' to print out detailed information of unconnected 
  ports.


Warning-[TFIPC] Too few instance port connections
huffman_SYN.v, 546
huffman, "DFFS a1_reg_6_( .D (n1183),  .CK (clk),  .Q (a1[6]));"
  The above instance has fewer port connections than the module definition.
  Please use '+lint=TFIPC-L' to print out detailed information of unconnected 
  ports.


Warning-[TFIPC] Too few instance port connections
huffman_SYN.v, 547
huffman, "DFFS a1_reg_4_( .D (n1185),  .CK (clk),  .Q (a1[4]));"
  The above instance has fewer port connections than the module definition.
  Please use '+lint=TFIPC-L' to print out detailed information of unconnected 
  ports.


Warning-[TFIPC] Too few instance port connections
huffman_SYN.v, 548
huffman, "DFFS a0_reg_2_( .D (n1155),  .CK (clk),  .Q (a0[2]));"
  The above instance has fewer port connections than the module definition.
  Please use '+lint=TFIPC-L' to print out detailed information of unconnected 
  ports.


Warning-[TFIPC] Too few instance port connections
huffman_SYN.v, 549
huffman, "DFFS a3_reg_4_( .D (n1249),  .CK (clk),  .Q (a3[4]));"
  The above instance has fewer port connections than the module definition.
  Please use '+lint=TFIPC-L' to print out detailed information of unconnected 
  ports.


Warning-[TFIPC] Too few instance port connections
huffman_SYN.v, 550
huffman, "DFFS a2_reg_2_( .D (n1219),  .CK (clk),  .Q (a2[2]));"
  The above instance has fewer port connections than the module definition.
  Please use '+lint=TFIPC-L' to print out detailed information of unconnected 
  ports.


Warning-[TFIPC] Too few instance port connections
huffman_SYN.v, 551
huffman, "DFFS a5_reg_2_( .D (n1315),  .CK (clk),  .Q (a5[2]));"
  The above instance has fewer port connections than the module definition.
  Please use '+lint=TFIPC-L' to print out detailed information of unconnected 
  ports.


Warning-[TFIPC] Too few instance port connections
huffman_SYN.v, 553
huffman, "DFFS a4_reg_6_( .D (n1279),  .CK (clk),  .Q (a4[6]));"
  The above instance has fewer port connections than the module definition.
  Please use '+lint=TFIPC-L' to print out detailed information of unconnected 
  ports.


Warning-[TFIPC] Too few instance port connections
huffman_SYN.v, 554
huffman, "DFFS a4_reg_4_( .D (n1281),  .CK (clk),  .Q (a4[4]));"
  The above instance has fewer port connections than the module definition.
  Please use '+lint=TFIPC-L' to print out detailed information of unconnected 
  ports.


Warning-[TFIPC] Too few instance port connections
huffman_SYN.v, 557
huffman, "DFFS work_finished_reg( .D (n1407),  .CK (clk),  .Q (work_finished));"
  The above instance has fewer port connections than the module definition.
  Please use '+lint=TFIPC-L' to print out detailed information of unconnected 
  ports.


Warning-[TFIPC] Too few instance port connections
huffman_SYN.v, 561
huffman, "DFFS ID_num_reg_6_( .D (n1350),  .CK (clk),  .QB (n2299));"
  The above instance has fewer port connections than the module definition.
  Please use '+lint=TFIPC-L' to print out detailed information of unconnected 
  ports.


Warning-[TFIPC] Too few instance port connections
huffman_SYN.v, 562
huffman, "DFFS ID_num_reg_4_( .D (n1352),  .CK (clk),  .QB (n2297));"
  The above instance has fewer port connections than the module definition.
  Please use '+lint=TFIPC-L' to print out detailed information of unconnected 
  ports.


Warning-[TFIPC] Too few instance port connections
huffman_SYN.v, 563
huffman, "DFFS buffer_gray_date_reg_6_( .D (n1318),  .CK (clk),  .Q (buffer_gray_date[6]));"
  The above instance has fewer port connections than the module definition.
  Please use '+lint=TFIPC-L' to print out detailed information of unconnected 
  ports.


Warning-[TFIPC] Too few instance port connections
huffman_SYN.v, 565
huffman, "DFFS buffer_gray_date_reg_5_( .D (n1319),  .CK (clk),  .Q (buffer_gray_date[5]));"
  The above instance has fewer port connections than the module definition.
  Please use '+lint=TFIPC-L' to print out detailed information of unconnected 
  ports.


Warning-[TFIPC] Too few instance port connections
huffman_SYN.v, 567
huffman, "DFFS buffer_gray_date_reg_4_( .D (n1320),  .CK (clk),  .Q (buffer_gray_date[4]));"
  The above instance has fewer port connections than the module definition.
  Please use '+lint=TFIPC-L' to print out detailed information of unconnected 
  ports.


Warning-[TFIPC] Too few instance port connections
huffman_SYN.v, 569
huffman, "DFFS buffer_gray_date_reg_3_( .D (n1321),  .CK (clk),  .Q (buffer_gray_date[3]));"
  The above instance has fewer port connections than the module definition.
  Please use '+lint=TFIPC-L' to print out detailed information of unconnected 
  ports.


Warning-[TFIPC] Too few instance port connections
huffman_SYN.v, 571
huffman, "DFFS buffer_gray_date_reg_1_( .D (n1323),  .CK (clk),  .Q (buffer_gray_date[1]));"
  The above instance has fewer port connections than the module definition.
  Please use '+lint=TFIPC-L' to print out detailed information of unconnected 
  ports.


Warning-[TFIPC] Too few instance port connections
huffman_SYN.v, 652
huffman, "DFFS ID_reg_5__0_( .D (n901),  .CK (clk),  .Q (ID[40]));"
  The above instance has fewer port connections than the module definition.
  Please use '+lint=TFIPC-L' to print out detailed information of unconnected 
  ports.


Warning-[TFIPC] Too few instance port connections
huffman_SYN.v, 656
huffman, "DFFS ID_reg_3__1_( .D (n916),  .CK (clk),  .Q (ID[25]));"
  The above instance has fewer port connections than the module definition.
  Please use '+lint=TFIPC-L' to print out detailed information of unconnected 
  ports.


Warning-[TFIPC] Too few instance port connections
huffman_SYN.v, 657
huffman, "DFFS ID_reg_3__0_( .D (n917),  .CK (clk),  .Q (ID[24]));"
  The above instance has fewer port connections than the module definition.
  Please use '+lint=TFIPC-L' to print out detailed information of unconnected 
  ports.


Warning-[TFIPC] Too few instance port connections
huffman_SYN.v, 658
huffman, "DFFS ID_reg_2__2_( .D (n923),  .CK (clk),  .Q (ID[18]));"
  The above instance has fewer port connections than the module definition.
  Please use '+lint=TFIPC-L' to print out detailed information of unconnected 
  ports.


Warning-[TFIPC] Too few instance port connections
huffman_SYN.v, 659
huffman, "DFFS ID_reg_4__1_( .D (n908),  .CK (clk),  .Q (ID[33]));"
  The above instance has fewer port connections than the module definition.
  Please use '+lint=TFIPC-L' to print out detailed information of unconnected 
  ports.


Warning-[TFIPC] Too few instance port connections
huffman_SYN.v, 660
huffman, "DFFS ID_reg_0__2_( .D (n939),  .CK (clk),  .Q (ID[2]));"
  The above instance has fewer port connections than the module definition.
  Please use '+lint=TFIPC-L' to print out detailed information of unconnected 
  ports.


Warning-[TFIPC] Too few instance port connections
huffman_SYN.v, 661
huffman, "DFFS ID_reg_0__1_( .D (n940),  .CK (clk),  .Q (ID[1]));"
  The above instance has fewer port connections than the module definition.
  Please use '+lint=TFIPC-L' to print out detailed information of unconnected 
  ports.


Warning-[TFIPC] Too few instance port connections
huffman_SYN.v, 662
huffman, "DFFS Pointer_reg_5__4_( .D (n993),  .CK (clk),  .Q (Pointer[44]));"
  The above instance has fewer port connections than the module definition.
  Please use '+lint=TFIPC-L' to print out detailed information of unconnected 
  ports.


Warning-[TFIPC] Too few instance port connections
huffman_SYN.v, 663
huffman, "DFFS Pointer_reg_5__5_( .D (n992),  .CK (clk),  .Q (Pointer[45]));"
  The above instance has fewer port connections than the module definition.
  Please use '+lint=TFIPC-L' to print out detailed information of unconnected 
  ports.


Warning-[TFIPC] Too few instance port connections
huffman_SYN.v, 664
huffman, "DFFS Pointer_reg_3__4_( .D (n1009),  .CK (clk),  .Q (Pointer[28]));"
  The above instance has fewer port connections than the module definition.
  Please use '+lint=TFIPC-L' to print out detailed information of unconnected 
  ports.


Warning-[TFIPC] Too few instance port connections
huffman_SYN.v, 665
huffman, "DFFS Pointer_reg_3__5_( .D (n1008),  .CK (clk),  .Q (Pointer[29]));"
  The above instance has fewer port connections than the module definition.
  Please use '+lint=TFIPC-L' to print out detailed information of unconnected 
  ports.


Warning-[TFIPC] Too few instance port connections
huffman_SYN.v, 666
huffman, "DFFS Pointer_reg_1__4_( .D (n1025),  .CK (clk),  .Q (Pointer[12]));"
  The above instance has fewer port connections than the module definition.
  Please use '+lint=TFIPC-L' to print out detailed information of unconnected 
  ports.


Warning-[TFIPC] Too few instance port connections
huffman_SYN.v, 667
huffman, "DFFS Pointer_reg_2__4_( .D (n1017),  .CK (clk),  .Q (Pointer[20]));"
  The above instance has fewer port connections than the module definition.
  Please use '+lint=TFIPC-L' to print out detailed information of unconnected 
  ports.


Warning-[TFIPC] Too few instance port connections
huffman_SYN.v, 668
huffman, "DFFS Pointer_reg_2__5_( .D (n1016),  .CK (clk),  .Q (Pointer[21]));"
  The above instance has fewer port connections than the module definition.
  Please use '+lint=TFIPC-L' to print out detailed information of unconnected 
  ports.


Warning-[TFIPC] Too few instance port connections
huffman_SYN.v, 669
huffman, "DFFS Pointer_reg_4__4_( .D (n1001),  .CK (clk),  .Q (Pointer[36]));"
  The above instance has fewer port connections than the module definition.
  Please use '+lint=TFIPC-L' to print out detailed information of unconnected 
  ports.


Warning-[TFIPC] Too few instance port connections
huffman_SYN.v, 670
huffman, "DFFS Pointer_reg_0__4_( .D (n1033),  .CK (clk),  .Q (Pointer[4]));"
  The above instance has fewer port connections than the module definition.
  Please use '+lint=TFIPC-L' to print out detailed information of unconnected 
  ports.


Warning-[TFIPC] Too few instance port connections
huffman_SYN.v, 671
huffman, "DFFS Pointer_reg_4__5_( .D (n1000),  .CK (clk),  .Q (Pointer[37]));"
  The above instance has fewer port connections than the module definition.
  Please use '+lint=TFIPC-L' to print out detailed information of unconnected 
  ports.


Warning-[TFIPC] Too few instance port connections
huffman_SYN.v, 677
huffman, "DFFS Pointer_reg_0__5_( .D (n1032),  .CK (clk),  .Q (Pointer[5]));"
  The above instance has fewer port connections than the module definition.
  Please use '+lint=TFIPC-L' to print out detailed information of unconnected 
  ports.


Warning-[TFIPC] Too few instance port connections
huffman_SYN.v, 690
huffman, "DFFS Pointer_reg_4__7_( .D (n998),  .CK (clk),  .Q (Pointer[39]));"
  The above instance has fewer port connections than the module definition.
  Please use '+lint=TFIPC-L' to print out detailed information of unconnected 
  ports.


Warning-[TFIPC] Too few instance port connections
huffman_SYN.v, 691
huffman, "DFFS Pointer_reg_1__7_( .D (n1022),  .CK (clk),  .Q (Pointer[15]));"
  The above instance has fewer port connections than the module definition.
  Please use '+lint=TFIPC-L' to print out detailed information of unconnected 
  ports.


Warning-[TFIPC] Too few instance port connections
huffman_SYN.v, 692
huffman, "DFFS Pointer_reg_5__7_( .D (n990),  .CK (clk),  .Q (Pointer[47]));"
  The above instance has fewer port connections than the module definition.
  Please use '+lint=TFIPC-L' to print out detailed information of unconnected 
  ports.


Warning-[TFIPC] Too few instance port connections
huffman_SYN.v, 693
huffman, "DFFS Pointer_reg_2__7_( .D (n1014),  .CK (clk),  .Q (Pointer[23]));"
  The above instance has fewer port connections than the module definition.
  Please use '+lint=TFIPC-L' to print out detailed information of unconnected 
  ports.


Warning-[TFIPC] Too few instance port connections
huffman_SYN.v, 694
huffman, "DFFS Pointer_reg_3__7_( .D (n1006),  .CK (clk),  .Q (Pointer[31]));"
  The above instance has fewer port connections than the module definition.
  Please use '+lint=TFIPC-L' to print out detailed information of unconnected 
  ports.


Warning-[TFIPC] Too few instance port connections
huffman_SYN.v, 1697
huffman, "FA1S U2219( .A (out_CNT_all[1]),  .B (n1877),  .CI (out_CNT_all[9]),  .CO (intadd_0_n6));"
  The above instance has fewer port connections than the module definition.
  Please use '+lint=TFIPC-L' to print out detailed information of unconnected 
  ports.


   ***   $sdf_annotate() version 1.2R
   ***    SDF file: "huffman_SYN.sdf"
   ***    Annotation scope: TESTBED.u_huffman
   ***    No MTM selection argument specified
   ***    No SCALE FACTORS argument specified
   ***    No SCALE TYPE argument specified
   ***    MTM selection defaulted to "TOOL_CONTROL":
               (+typdelays compiled, TYPICAL delays selected)
   ***    SCALE FACTORS defaulted to "1.0:1.0:1.0":
   ***    SCALE TYPE defaulted to: "FROM_MTM"
   ***    Turnoff delay: "FROM_FILE"
   ***    Approximation (mipd) policy: "MAXIMUM"

   ***    SDF annotation begin: Mon May 13 23:02:31 2024


SDF Info: +pulse_r/100, +pulse_e/100 in effect

Warning-[SDFCOM_CFTC] Cannot find timing check 
huffman_SYN.sdf, 35670
module: QDFFRBN, "instance: TESTBED.u_huffman.CNT_valid_reg"
  SDF Warning: Cannot find timing check $hold(posedge CK,posedge RB,...)
      


Warning-[SDFCOM_CFTC] Cannot find timing check 
huffman_SYN.sdf, 35691
module: QDFFRBN, "instance: TESTBED.u_huffman.CNT_reg_47_"
  SDF Warning: Cannot find timing check $hold(posedge CK,posedge RB,...)
      


Warning-[SDFCOM_CFTC] Cannot find timing check 
huffman_SYN.sdf, 35712
module: QDFFRBN, "instance: TESTBED.u_huffman.CNT_reg_46_"
  SDF Warning: Cannot find timing check $hold(posedge CK,posedge RB,...)
      


Warning-[SDFCOM_CFTC] Cannot find timing check 
huffman_SYN.sdf, 35733
module: QDFFRBN, "instance: TESTBED.u_huffman.CNT_reg_45_"
  SDF Warning: Cannot find timing check $hold(posedge CK,posedge RB,...)
      


Warning-[SDFCOM_CFTC] Cannot find timing check 
huffman_SYN.sdf, 35754
module: QDFFRBN, "instance: TESTBED.u_huffman.CNT_reg_44_"
  SDF Warning: Cannot find timing check $hold(posedge CK,posedge RB,...)
      


Warning-[SDFCOM_CFTC] Cannot find timing check 
huffman_SYN.sdf, 35775
module: QDFFRBN, "instance: TESTBED.u_huffman.CNT_reg_43_"
  SDF Warning: Cannot find timing check $hold(posedge CK,posedge RB,...)
      


Warning-[SDFCOM_CFTC] Cannot find timing check 
huffman_SYN.sdf, 35796
module: QDFFRBN, "instance: TESTBED.u_huffman.CNT_reg_42_"
  SDF Warning: Cannot find timing check $hold(posedge CK,posedge RB,...)
      


Warning-[SDFCOM_CFTC] Cannot find timing check 
huffman_SYN.sdf, 35817
module: QDFFRBN, "instance: TESTBED.u_huffman.CNT_reg_41_"
  SDF Warning: Cannot find timing check $hold(posedge CK,posedge RB,...)
      


Warning-[SDFCOM_CFTC] Cannot find timing check 
huffman_SYN.sdf, 35838
module: QDFFRBN, "instance: TESTBED.u_huffman.CNT_reg_40_"
  SDF Warning: Cannot find timing check $hold(posedge CK,posedge RB,...)
      

All future warnings not reported; use +sdfverbose to report them.

Warning-[SDFCOM_CFTC] Cannot find timing check 
huffman_SYN.sdf, 35859
module: QDFFRBN, "instance: TESTBED.u_huffman.CNT_reg_39_"
  SDF Warning: Cannot find timing check $hold(posedge CK,posedge RB,...)
      


          Total errors: 0
          Total warnings: 52
   ***    SDF annotation completed: Mon May 13 23:02:31 2024


Starting vcs inline pass...

Note-[VCS_PARAL] Parallel code-gen enabled
  VCS is running with parallel code generation(-j)...

42 modules and 2 UDPs read.
recompiling module huffman
recompiling module PATTERN
recompiling module sort
recompiling module AO222S
recompiling module OAI222S
recompiling module FA1S
recompiling module AO22S
recompiling module OA22S
recompiling module AOI13HS
recompiling module BUF1
recompiling module INV1S
recompiling module INV2
recompiling module TIE0
recompiling module TIE1
recompiling module AOI22S
recompiling module MOAI1S
recompiling module OAI22S
recompiling module OA13S
recompiling module MUX2S
recompiling module OAI112HS
recompiling module QDFFRBN
recompiling module QDFFRBS
recompiling module AO12S
recompiling module DFFS
recompiling module OA12
recompiling module OAI12HS
recompiling module QDFFS
recompiling module TESTBED
recompiling module AN3B2S
recompiling module AN4B1S
recompiling module AN3S
recompiling module ND3S
recompiling module NR3
recompiling module OR2B1S
recompiling module AN2
recompiling module AN2S
recompiling module ND2
recompiling module ND2S
recompiling module NR2
recompiling module NR2P
recompiling module OR2
recompiling module OR2S
All of 42 modules done
make[1]: Entering directory `/RAID2/COURSE/DCS/DCS111/HW03/2_Verilog/03_GATE/csrc' \

rm -f _cuarc*.so _csrc*.so pre_vcsobj_*.so share_vcsobj_*.so
if [ -x ../simv ]; then chmod a-x ../simv; fi
g++  -o ../simv      -rdynamic  -Wl,-rpath='$ORIGIN'/simv.daidir -Wl,-rpath=./simv.daidir \
-Wl,-rpath=/usr/cad/synopsys/vcs/2022.06/linux64/lib -L/usr/cad/synopsys/vcs/2022.06/linux64/lib \
-Wl,-rpath-link=./  /usr/lib64/libnuma.so.1   objs/amcQw_d.o   _114301_archive_1.so \
_114325_archive_1.so _114326_archive_1.so objs/udps/qndjy.o objs/udps/Sbaqa.o  SIM_l.o \
rmapats_mop.o rmapats.o rmar.o rmar_nd.o  rmar_llvm_0_1.o rmar_llvm_0_0.o        \
-lvirsim -lerrorinf -lsnpsmalloc -lvfs /usr/cad/synopsys/verdi/2019.06//share/PLI/VCS/linux64/pli.a \
-lvcsnew -lsimprofile -luclinative /usr/cad/synopsys/vcs/2022.06/linux64/lib/vcs_tls.o \
-Wl,-whole-archive  -lvcsucli    -Wl,-no-whole-archive        _vcs_pli_stub_.o   \
/usr/cad/synopsys/vcs/2022.06/linux64/lib/vcs_save_restore_new.o /usr/cad/synopsys/verdi/2019.06//share/PLI/VCS/LINUX64/pli.a \
-ldl -lm  -lc -lpthread -ldl 
../simv up to date
make[1]: Leaving directory `/RAID2/COURSE/DCS/DCS111/HW03/2_Verilog/03_GATE/csrc' \

Command: /RAID2/COURSE/DCS/DCS111/HW03/2_Verilog/03_GATE/./simv +v2k +libext+.v -a vcs.log +define+GATE +neg_tchk +nowarnNTCDSN
Chronologic VCS simulator copyright 1991-2022
Contains Synopsys proprietary information.
Compiler version T-2022.06_Full64; Runtime version T-2022.06_Full64;  May 13 23:02 2024
Doing SDF annotation ...... Done
*Verdi* Loading libsscore_vcs201906.so
FSDB Dumper for VCS, Release Verdi_P-2019.06, Linux x86_64/64bit, 05/26/2019
(C) 1996 - 2019 by Synopsys, Inc.
***********************************************************************
*  ERROR -                                                            *
*  The simulator version is newer than the FSDB dumper version which  *
*  may cause abnormal behavior, please contact Synopsys support for   *
*  assistance.                                                        *
***********************************************************************
*Verdi* : Create FSDB file 'huffman_SYN.fsdb'
*Verdi* : Begin traversing the scopes, layer (0).
*Verdi* : Enable +mda dumping.
*Verdi* : End of traversing.
[1;35m PATTERN 0 simulation start (../00_TESTBED/pattern1.dat and ../00_TESTBED/golden1.dat were used) [1;0m
[1;32m Pattern 0 Pass [1;33m Latency = 10 Cycles [1;0m
[1;35m PATTERN 1 simulation start (../00_TESTBED/pattern2.dat and ../00_TESTBED/golden2.dat were used) [1;0m
[1;32m Pattern 1 Pass [1;33m Latency = 10 Cycles [1;0m
[1;35m PATTERN 2 simulation start (../00_TESTBED/pattern3.dat and ../00_TESTBED/golden3.dat were used) [1;0m
[1;32m Pattern 2 Pass [1;33m Latency = 10 Cycles [1;0m
[1;35m========================================================
                      Congratulations!!
                     All Pattern Test Pass
                       Cycle time = 20.0 ns
          Your execution cycles = 30  cycles
======================================================== [1;0m
$finish called from file "PATTERN.v", line 300.
$finish at simulation time              6950000
           V C S   S i m u l a t i o n   R e p o r t 
Time: 6950000 ps
CPU Time:      0.380 seconds;       Data structure size:   0.7Mb
Mon May 13 23:02:35 2024
CPU time: 1.205 seconds to compile + .355 seconds to elab + .655 seconds to link + .425 seconds in simulation
